2020-07-19 12:04:10.672 INFO [main]o.s.c.annotation.AnnotationConfigApplicationContext.prepareRefresh:590 -Refreshing org.springframework.context.annotation.AnnotationConfigApplicationContext@3eba57a7: startup date [Sun Jul 19 12:04:10 CST 2020]; root of context hierarchy
2020-07-19 12:04:11.402 INFO [main]o.s.b.f.annotation.AutowiredAnnotationBeanPostProcessor.<init>:154 -JSR-330 'javax.inject.Inject' annotation found and supported for autowiring
2020-07-19 12:04:11.584 INFO [main]o.s.c.s.PostProcessorRegistrationDelegate$BeanPostProcessorChecker.postProcessAfterInitialization:328 -Bean 'configurationPropertiesRebinderAutoConfiguration' of type [org.springframework.cloud.autoconfigure.ConfigurationPropertiesRebinderAutoConfiguration$$EnhancerBySpringCGLIB$$d1e1611d] is not eligible for getting processed by all BeanPostProcessors (for example: not eligible for auto-proxying)
2020-07-19 12:04:14.073 INFO [main]Estest.logStartupProfileInfo:663 -The following profiles are active: dev
2020-07-19 12:04:14.091 INFO [main]o.s.web.context.support.GenericWebApplicationContext.prepareRefresh:590 -Refreshing org.springframework.web.context.support.GenericWebApplicationContext@13fed1ec: startup date [Sun Jul 19 12:04:14 CST 2020]; parent: org.springframework.context.annotation.AnnotationConfigApplicationContext@3eba57a7
2020-07-19 12:04:21.465 WARN [main]tk.mybatis.spring.mapper.ClassPathMapperScanner.doScan:142 -No MyBatis mapper was found in '[com.gcx]' package. Please check your configuration.
2020-07-19 12:04:22.009 WARN [main]org.mybatis.spring.mapper.ClassPathMapperScanner.warn:44 -No MyBatis mapper was found in '[com.gcx]' package. Please check your configuration.
2020-07-19 12:04:23.214 INFO [main]o.s.d.repository.config.RepositoryConfigurationDelegate.multipleStoresDetected:163 -Multiple Spring Data modules found, entering strict repository configuration mode!
2020-07-19 12:04:24.329 INFO [main]o.s.beans.factory.support.DefaultListableBeanFactory.registerBeanDefinition:824 -Overriding bean definition for bean 'proxyRequestHelper' with a different definition: replacing [Root bean: class [null]; scope=; abstract=false; lazyInit=false; autowireMode=3; dependencyCheck=0; autowireCandidate=true; primary=false; factoryBeanName=org.springframework.cloud.netflix.zuul.ZuulProxyAutoConfiguration$EndpointConfiguration; factoryMethodName=proxyRequestHelper; initMethodName=null; destroyMethodName=(inferred); defined in class path resource [org/springframework/cloud/netflix/zuul/ZuulProxyAutoConfiguration$EndpointConfiguration.class]] with [Root bean: class [null]; scope=; abstract=false; lazyInit=false; autowireMode=3; dependencyCheck=0; autowireCandidate=true; primary=false; factoryBeanName=org.springframework.cloud.netflix.zuul.ZuulProxyAutoConfiguration$NoActuatorConfiguration; factoryMethodName=proxyRequestHelper; initMethodName=null; destroyMethodName=(inferred); defined in class path resource [org/springframework/cloud/netflix/zuul/ZuulProxyAutoConfiguration$NoActuatorConfiguration.class]]
2020-07-19 12:04:24.401 INFO [main]o.s.beans.factory.support.DefaultListableBeanFactory.registerBeanDefinition:824 -Overriding bean definition for bean 'counterFactory' with a different definition: replacing [Root bean: class [null]; scope=; abstract=false; lazyInit=false; autowireMode=3; dependencyCheck=0; autowireCandidate=true; primary=false; factoryBeanName=org.springframework.cloud.netflix.zuul.ZuulServerAutoConfiguration$ZuulMetricsConfiguration; factoryMethodName=counterFactory; initMethodName=null; destroyMethodName=(inferred); defined in class path resource [org/springframework/cloud/netflix/zuul/ZuulServerAutoConfiguration$ZuulMetricsConfiguration.class]] with [Root bean: class [null]; scope=; abstract=false; lazyInit=false; autowireMode=3; dependencyCheck=0; autowireCandidate=true; primary=false; factoryBeanName=org.springframework.cloud.netflix.zuul.ZuulServerAutoConfiguration$ZuulCounterFactoryConfiguration; factoryMethodName=counterFactory; initMethodName=null; destroyMethodName=(inferred); defined in class path resource [org/springframework/cloud/netflix/zuul/ZuulServerAutoConfiguration$ZuulCounterFactoryConfiguration.class]]
2020-07-19 12:04:25.292 INFO [main]o.s.beans.factory.support.DefaultListableBeanFactory.registerBeanDefinition:824 -Overriding bean definition for bean 'dataSource' with a different definition: replacing [Root bean: class [null]; scope=refresh; abstract=false; lazyInit=false; autowireMode=3; dependencyCheck=0; autowireCandidate=false; primary=false; factoryBeanName=org.springframework.boot.autoconfigure.jdbc.DataSourceConfiguration$Hikari; factoryMethodName=dataSource; initMethodName=null; destroyMethodName=(inferred); defined in class path resource [org/springframework/boot/autoconfigure/jdbc/DataSourceConfiguration$Hikari.class]] with [Root bean: class [org.springframework.aop.scope.ScopedProxyFactoryBean]; scope=; abstract=false; lazyInit=false; autowireMode=0; dependencyCheck=0; autowireCandidate=true; primary=false; factoryBeanName=null; factoryMethodName=null; initMethodName=null; destroyMethodName=null; defined in BeanDefinition defined in class path resource [org/springframework/boot/autoconfigure/jdbc/DataSourceConfiguration$Hikari.class]]
2020-07-19 12:04:26.454 INFO [main]org.springframework.cloud.context.scope.GenericScope.setSerializationId:294 -BeanFactory id=86a7c8f9-3db2-3432-bbea-0e15d406ba4e
2020-07-19 12:04:30.307 INFO [main]o.s.b.f.annotation.AutowiredAnnotationBeanPostProcessor.<init>:154 -JSR-330 'javax.inject.Inject' annotation found and supported for autowiring
2020-07-19 12:04:30.734 INFO [main]o.s.c.s.PostProcessorRegistrationDelegate$BeanPostProcessorChecker.postProcessAfterInitialization:328 -Bean 'org.springframework.amqp.rabbit.annotation.RabbitBootstrapConfiguration' of type [org.springframework.amqp.rabbit.annotation.RabbitBootstrapConfiguration$$EnhancerBySpringCGLIB$$7c331c4e] is not eligible for getting processed by all BeanPostProcessors (for example: not eligible for auto-proxying)
2020-07-19 12:04:50.379 INFO [main]o.s.c.s.PostProcessorRegistrationDelegate$BeanPostProcessorChecker.postProcessAfterInitialization:328 -Bean 'org.springframework.transaction.annotation.ProxyTransactionManagementConfiguration' of type [org.springframework.transaction.annotation.ProxyTransactionManagementConfiguration$$EnhancerBySpringCGLIB$$b5c75e20] is not eligible for getting processed by all BeanPostProcessors (for example: not eligible for auto-proxying)
2020-07-19 12:04:52.173 INFO [main]o.s.c.s.PostProcessorRegistrationDelegate$BeanPostProcessorChecker.postProcessAfterInitialization:328 -Bean 'org.springframework.security.config.annotation.configuration.ObjectPostProcessorConfiguration' of type [org.springframework.security.config.annotation.configuration.ObjectPostProcessorConfiguration$$EnhancerBySpringCGLIB$$4e75265a] is not eligible for getting processed by all BeanPostProcessors (for example: not eligible for auto-proxying)
2020-07-19 12:04:52.204 INFO [main]o.s.c.s.PostProcessorRegistrationDelegate$BeanPostProcessorChecker.postProcessAfterInitialization:328 -Bean 'objectPostProcessor' of type [org.springframework.security.config.annotation.configuration.AutowireBeanFactoryObjectPostProcessor] is not eligible for getting processed by all BeanPostProcessors (for example: not eligible for auto-proxying)
2020-07-19 12:04:52.219 INFO [main]o.s.c.s.PostProcessorRegistrationDelegate$BeanPostProcessorChecker.postProcessAfterInitialization:328 -Bean 'org.springframework.security.access.expression.method.DefaultMethodSecurityExpressionHandler@3e61cffd' of type [org.springframework.security.access.expression.method.DefaultMethodSecurityExpressionHandler] is not eligible for getting processed by all BeanPostProcessors (for example: not eligible for auto-proxying)
2020-07-19 12:04:52.235 INFO [main]o.s.c.s.PostProcessorRegistrationDelegate$BeanPostProcessorChecker.postProcessAfterInitialization:328 -Bean 'org.springframework.security.config.annotation.method.configuration.GlobalMethodSecurityConfiguration' of type [org.springframework.security.config.annotation.method.configuration.GlobalMethodSecurityConfiguration$$EnhancerBySpringCGLIB$$7349c90c] is not eligible for getting processed by all BeanPostProcessors (for example: not eligible for auto-proxying)
2020-07-19 12:04:52.485 INFO [main]o.s.c.s.PostProcessorRegistrationDelegate$BeanPostProcessorChecker.postProcessAfterInitialization:328 -Bean 'methodSecurityMetadataSource' of type [org.springframework.security.access.method.DelegatingMethodSecurityMetadataSource] is not eligible for getting processed by all BeanPostProcessors (for example: not eligible for auto-proxying)
2020-07-19 12:04:52.999 INFO [main]o.s.c.s.PostProcessorRegistrationDelegate$BeanPostProcessorChecker.postProcessAfterInitialization:328 -Bean 'org.springframework.cloud.autoconfigure.ConfigurationPropertiesRebinderAutoConfiguration' of type [org.springframework.cloud.autoconfigure.ConfigurationPropertiesRebinderAutoConfiguration$$EnhancerBySpringCGLIB$$d1e1611d] is not eligible for getting processed by all BeanPostProcessors (for example: not eligible for auto-proxying)
2020-07-19 12:04:55.720 WARN [main]com.netflix.config.sources.URLConfigurationSource.<init>:121 -No URLs will be polled as dynamic configuration sources.
2020-07-19 12:04:55.722 INFO [main]com.netflix.config.sources.URLConfigurationSource.<init>:122 -To enable URLs as dynamic configuration sources, define System property archaius.configurationSource.additionalUrls or make config.properties available on classpath.
2020-07-19 12:04:56.728 INFO [main]com.netflix.config.DynamicPropertyFactory.getInstance:281 -DynamicPropertyFactory is initialized with configuration sources: com.netflix.config.ConcurrentCompositeConfiguration@593f7d2e
2020-07-19 12:05:11.197 INFO [main]o.s.c.annotation.AnnotationConfigApplicationContext.prepareRefresh:590 -Refreshing FeignContext-producer-server: startup date [Sun Jul 19 12:05:11 CST 2020]; parent: org.springframework.web.context.support.GenericWebApplicationContext@13fed1ec
2020-07-19 12:05:11.322 INFO [main]o.s.b.f.annotation.AutowiredAnnotationBeanPostProcessor.<init>:154 -JSR-330 'javax.inject.Inject' annotation found and supported for autowiring
2020-07-19 12:05:13.833 INFO [main]o.s.cloud.netflix.eureka.InstanceInfoFactory.create:71 -Setting initial instance status as: STARTING
2020-07-19 12:05:14.020 INFO [main]com.netflix.discovery.DiscoveryClient.<init>:349 -Initializing Eureka in region us-east-1
2020-07-19 12:05:15.335 INFO [main]com.netflix.discovery.provider.DiscoveryJerseyProvider.<init>:70 -Using JSON encoding codec LegacyJacksonJson
2020-07-19 12:05:15.350 INFO [main]com.netflix.discovery.provider.DiscoveryJerseyProvider.<init>:71 -Using JSON decoding codec LegacyJacksonJson
2020-07-19 12:05:15.756 INFO [main]com.netflix.discovery.provider.DiscoveryJerseyProvider.<init>:80 -Using XML encoding codec XStreamXml
2020-07-19 12:05:15.756 INFO [main]com.netflix.discovery.provider.DiscoveryJerseyProvider.<init>:81 -Using XML decoding codec XStreamXml
2020-07-19 12:05:16.495 INFO [main]c.n.discovery.shared.resolver.aws.ConfigClusterResolver.getClusterEndpoints:43 -Resolving eureka endpoints via configuration
2020-07-19 12:05:17.041 INFO [main]com.netflix.discovery.DiscoveryClient.fetchRegistry:958 -Disable delta property : false
2020-07-19 12:05:17.041 INFO [main]com.netflix.discovery.DiscoveryClient.fetchRegistry:959 -Single vip registry refresh property : null
2020-07-19 12:05:17.041 INFO [main]com.netflix.discovery.DiscoveryClient.fetchRegistry:960 -Force full registry fetch : false
2020-07-19 12:05:17.041 INFO [main]com.netflix.discovery.DiscoveryClient.fetchRegistry:961 -Application is null : false
2020-07-19 12:05:17.041 INFO [main]com.netflix.discovery.DiscoveryClient.fetchRegistry:962 -Registered Applications size is zero : true
2020-07-19 12:05:17.041 INFO [main]com.netflix.discovery.DiscoveryClient.fetchRegistry:964 -Application version is -1: true
2020-07-19 12:05:17.041 INFO [main]com.netflix.discovery.DiscoveryClient.getAndStoreFullRegistry:1047 -Getting all instance registry info from the eureka server
2020-07-19 12:05:18.102 INFO [main]com.netflix.discovery.DiscoveryClient.getAndStoreFullRegistry:1056 -The response status is 200
2020-07-19 12:05:18.102 INFO [main]com.netflix.discovery.DiscoveryClient.initScheduledTasks:1264 -Starting heartbeat executor: renew interval is: 30
2020-07-19 12:05:18.102 INFO [main]com.netflix.discovery.InstanceInfoReplicator.<init>:60 -InstanceInfoReplicator onDemand update allowed rate per min is 4
2020-07-19 12:05:18.117 INFO [main]com.netflix.discovery.DiscoveryClient.<init>:449 -Discovery Client initialized at timestamp 1595131518117 with initial instances count: 0
2020-07-19 12:05:22.236 INFO [main]org.elasticsearch.plugins.PluginsService.logPluginInfo:175 -no modules loaded
2020-07-19 12:05:22.236 INFO [main]org.elasticsearch.plugins.PluginsService.logPluginInfo:178 -loaded plugin [org.elasticsearch.index.reindex.ReindexPlugin]
2020-07-19 12:05:22.236 INFO [main]org.elasticsearch.plugins.PluginsService.logPluginInfo:178 -loaded plugin [org.elasticsearch.join.ParentJoinPlugin]
2020-07-19 12:05:22.236 INFO [main]org.elasticsearch.plugins.PluginsService.logPluginInfo:178 -loaded plugin [org.elasticsearch.percolator.PercolatorPlugin]
2020-07-19 12:05:22.251 INFO [main]org.elasticsearch.plugins.PluginsService.logPluginInfo:178 -loaded plugin [org.elasticsearch.script.mustache.MustachePlugin]
2020-07-19 12:05:22.251 INFO [main]org.elasticsearch.plugins.PluginsService.logPluginInfo:178 -loaded plugin [org.elasticsearch.transport.Netty3Plugin]
2020-07-19 12:05:22.251 INFO [main]org.elasticsearch.plugins.PluginsService.logPluginInfo:178 -loaded plugin [org.elasticsearch.transport.Netty4Plugin]
2020-07-19 12:05:27.418 WARN [main]o.s.web.context.support.GenericWebApplicationContext.refresh:558 -Exception encountered during context initialization - cancelling refresh attempt: org.springframework.beans.factory.UnsatisfiedDependencyException: Error creating bean with name 'elasticsearchUtils': Unsatisfied dependency expressed through field 'transportClient'; nested exception is org.springframework.beans.factory.NoSuchBeanDefinitionException: No qualifying bean of type 'org.elasticsearch.client.transport.TransportClient' available: expected at least 1 bean which qualifies as autowire candidate. Dependency annotations: {@org.springframework.beans.factory.annotation.Autowired(required=true)}
2020-07-19 12:05:27.418 INFO [main]com.netflix.discovery.DiscoveryClient.shutdown:888 -Shutting down DiscoveryClient ...
2020-07-19 12:05:30.431 INFO [main]com.netflix.discovery.DiscoveryClient.unregister:922 -Unregistering ...
2020-07-19 12:05:30.485 INFO [main]com.netflix.discovery.DiscoveryClient.unregister:924 -DiscoveryClient_CONSUMER-SERVER/MS-UFIYVLDHDZMG:consumer-server:-1 - deregister  status: 404
2020-07-19 12:05:30.525 INFO [main]com.netflix.discovery.DiscoveryClient.shutdown:911 -Completed shut down of DiscoveryClient
2020-07-19 12:05:30.555 INFO [main]o.s.c.annotation.AnnotationConfigApplicationContext.doClose:993 -Closing FeignContext-producer-server: startup date [Sun Jul 19 12:05:11 CST 2020]; parent: org.springframework.web.context.support.GenericWebApplicationContext@13fed1ec
2020-07-19 12:05:31.611 WARN [main]zipkin2.reporter.AsyncReporter$BoundedAsyncReporter.close:312 -Timed out waiting for in-flight spans to send
2020-07-19 12:05:34.059 INFO [main]o.s.b.a.logging.ConditionEvaluationReportLoggingListener.logAutoConfigurationReport:101 -

Error starting ApplicationContext. To display the conditions report re-run your application with 'debug' enabled.
