2020-08-02 10:38:26.116 INFO [main]o.s.c.annotation.AnnotationConfigApplicationContext.prepareRefresh:590 -Refreshing org.springframework.context.annotation.AnnotationConfigApplicationContext@43aaf813: startup date [Sun Aug 02 10:38:26 CST 2020]; root of context hierarchy
2020-08-02 10:38:26.914 INFO [main]o.s.b.f.annotation.AutowiredAnnotationBeanPostProcessor.<init>:154 -JSR-330 'javax.inject.Inject' annotation found and supported for autowiring
2020-08-02 10:38:27.024 INFO [main]o.s.c.s.PostProcessorRegistrationDelegate$BeanPostProcessorChecker.postProcessAfterInitialization:328 -Bean 'configurationPropertiesRebinderAutoConfiguration' of type [org.springframework.cloud.autoconfigure.ConfigurationPropertiesRebinderAutoConfiguration$$EnhancerBySpringCGLIB$$c2a4ce7b] is not eligible for getting processed by all BeanPostProcessors (for example: not eligible for auto-proxying)
2020-08-02 10:38:27.780 INFO [main]com.gcx.ConsumerServerApplication.logStartupProfileInfo:663 -The following profiles are active: dev
2020-08-02 10:38:28.013 INFO [main]o.s.b.w.s.c.AnnotationConfigServletWebServerApplicationContext.prepareRefresh:590 -Refreshing org.springframework.boot.web.servlet.context.AnnotationConfigServletWebServerApplicationContext@bdecc21: startup date [Sun Aug 02 10:38:28 CST 2020]; parent: org.springframework.context.annotation.AnnotationConfigApplicationContext@43aaf813
2020-08-02 10:38:38.781 WARN [main]tk.mybatis.spring.mapper.ClassPathMapperScanner.doScan:142 -No MyBatis mapper was found in '[com.gcx]' package. Please check your configuration.
2020-08-02 10:38:39.182 WARN [main]org.mybatis.spring.mapper.ClassPathMapperScanner.warn:44 -No MyBatis mapper was found in '[com.gcx]' package. Please check your configuration.
2020-08-02 10:38:40.426 INFO [main]o.s.d.repository.config.RepositoryConfigurationDelegate.multipleStoresDetected:163 -Multiple Spring Data modules found, entering strict repository configuration mode!
2020-08-02 10:38:45.273 INFO [main]o.s.beans.factory.support.DefaultListableBeanFactory.registerBeanDefinition:824 -Overriding bean definition for bean 'proxyRequestHelper' with a different definition: replacing [Root bean: class [null]; scope=; abstract=false; lazyInit=false; autowireMode=3; dependencyCheck=0; autowireCandidate=true; primary=false; factoryBeanName=org.springframework.cloud.netflix.zuul.ZuulProxyAutoConfiguration$EndpointConfiguration; factoryMethodName=proxyRequestHelper; initMethodName=null; destroyMethodName=(inferred); defined in class path resource [org/springframework/cloud/netflix/zuul/ZuulProxyAutoConfiguration$EndpointConfiguration.class]] with [Root bean: class [null]; scope=; abstract=false; lazyInit=false; autowireMode=3; dependencyCheck=0; autowireCandidate=true; primary=false; factoryBeanName=org.springframework.cloud.netflix.zuul.ZuulProxyAutoConfiguration$NoActuatorConfiguration; factoryMethodName=proxyRequestHelper; initMethodName=null; destroyMethodName=(inferred); defined in class path resource [org/springframework/cloud/netflix/zuul/ZuulProxyAutoConfiguration$NoActuatorConfiguration.class]]
2020-08-02 10:38:46.186 INFO [main]o.s.beans.factory.support.DefaultListableBeanFactory.registerBeanDefinition:824 -Overriding bean definition for bean 'counterFactory' with a different definition: replacing [Root bean: class [null]; scope=; abstract=false; lazyInit=false; autowireMode=3; dependencyCheck=0; autowireCandidate=true; primary=false; factoryBeanName=org.springframework.cloud.netflix.zuul.ZuulServerAutoConfiguration$ZuulMetricsConfiguration; factoryMethodName=counterFactory; initMethodName=null; destroyMethodName=(inferred); defined in class path resource [org/springframework/cloud/netflix/zuul/ZuulServerAutoConfiguration$ZuulMetricsConfiguration.class]] with [Root bean: class [null]; scope=; abstract=false; lazyInit=false; autowireMode=3; dependencyCheck=0; autowireCandidate=true; primary=false; factoryBeanName=org.springframework.cloud.netflix.zuul.ZuulServerAutoConfiguration$ZuulCounterFactoryConfiguration; factoryMethodName=counterFactory; initMethodName=null; destroyMethodName=(inferred); defined in class path resource [org/springframework/cloud/netflix/zuul/ZuulServerAutoConfiguration$ZuulCounterFactoryConfiguration.class]]
2020-08-02 10:38:50.494 INFO [main]o.s.beans.factory.support.DefaultListableBeanFactory.registerBeanDefinition:824 -Overriding bean definition for bean 'dataSource' with a different definition: replacing [Root bean: class [null]; scope=refresh; abstract=false; lazyInit=false; autowireMode=3; dependencyCheck=0; autowireCandidate=false; primary=false; factoryBeanName=org.springframework.boot.autoconfigure.jdbc.DataSourceConfiguration$Hikari; factoryMethodName=dataSource; initMethodName=null; destroyMethodName=(inferred); defined in class path resource [org/springframework/boot/autoconfigure/jdbc/DataSourceConfiguration$Hikari.class]] with [Root bean: class [org.springframework.aop.scope.ScopedProxyFactoryBean]; scope=; abstract=false; lazyInit=false; autowireMode=0; dependencyCheck=0; autowireCandidate=true; primary=false; factoryBeanName=null; factoryMethodName=null; initMethodName=null; destroyMethodName=null; defined in BeanDefinition defined in class path resource [org/springframework/boot/autoconfigure/jdbc/DataSourceConfiguration$Hikari.class]]
2020-08-02 10:38:52.626 INFO [main]org.springframework.cloud.context.scope.GenericScope.setSerializationId:294 -BeanFactory id=2422051c-1413-31ce-ad82-e717bbac9588
2020-08-02 10:38:52.972 INFO [main]o.s.b.f.annotation.AutowiredAnnotationBeanPostProcessor.<init>:154 -JSR-330 'javax.inject.Inject' annotation found and supported for autowiring
2020-08-02 10:38:53.166 INFO [main]o.s.c.s.PostProcessorRegistrationDelegate$BeanPostProcessorChecker.postProcessAfterInitialization:328 -Bean 'org.springframework.amqp.rabbit.annotation.RabbitBootstrapConfiguration' of type [org.springframework.amqp.rabbit.annotation.RabbitBootstrapConfiguration$$EnhancerBySpringCGLIB$$6cf689ac] is not eligible for getting processed by all BeanPostProcessors (for example: not eligible for auto-proxying)
2020-08-02 10:38:54.895 INFO [main]o.s.c.s.PostProcessorRegistrationDelegate$BeanPostProcessorChecker.postProcessAfterInitialization:328 -Bean 'org.springframework.transaction.annotation.ProxyTransactionManagementConfiguration' of type [org.springframework.transaction.annotation.ProxyTransactionManagementConfiguration$$EnhancerBySpringCGLIB$$a68acb7e] is not eligible for getting processed by all BeanPostProcessors (for example: not eligible for auto-proxying)
2020-08-02 10:38:55.411 INFO [main]o.s.c.s.PostProcessorRegistrationDelegate$BeanPostProcessorChecker.postProcessAfterInitialization:328 -Bean 'org.springframework.security.config.annotation.configuration.ObjectPostProcessorConfiguration' of type [org.springframework.security.config.annotation.configuration.ObjectPostProcessorConfiguration$$EnhancerBySpringCGLIB$$3f3893b8] is not eligible for getting processed by all BeanPostProcessors (for example: not eligible for auto-proxying)
2020-08-02 10:38:55.509 INFO [main]o.s.c.s.PostProcessorRegistrationDelegate$BeanPostProcessorChecker.postProcessAfterInitialization:328 -Bean 'objectPostProcessor' of type [org.springframework.security.config.annotation.configuration.AutowireBeanFactoryObjectPostProcessor] is not eligible for getting processed by all BeanPostProcessors (for example: not eligible for auto-proxying)
2020-08-02 10:38:55.531 INFO [main]o.s.c.s.PostProcessorRegistrationDelegate$BeanPostProcessorChecker.postProcessAfterInitialization:328 -Bean 'org.springframework.security.access.expression.method.DefaultMethodSecurityExpressionHandler@165aa43a' of type [org.springframework.security.access.expression.method.DefaultMethodSecurityExpressionHandler] is not eligible for getting processed by all BeanPostProcessors (for example: not eligible for auto-proxying)
2020-08-02 10:38:55.547 INFO [main]o.s.c.s.PostProcessorRegistrationDelegate$BeanPostProcessorChecker.postProcessAfterInitialization:328 -Bean 'org.springframework.security.config.annotation.method.configuration.GlobalMethodSecurityConfiguration' of type [org.springframework.security.config.annotation.method.configuration.GlobalMethodSecurityConfiguration$$EnhancerBySpringCGLIB$$640d366a] is not eligible for getting processed by all BeanPostProcessors (for example: not eligible for auto-proxying)
2020-08-02 10:38:55.625 INFO [main]o.s.c.s.PostProcessorRegistrationDelegate$BeanPostProcessorChecker.postProcessAfterInitialization:328 -Bean 'methodSecurityMetadataSource' of type [org.springframework.security.access.method.DelegatingMethodSecurityMetadataSource] is not eligible for getting processed by all BeanPostProcessors (for example: not eligible for auto-proxying)
2020-08-02 10:38:55.787 INFO [main]o.s.c.s.PostProcessorRegistrationDelegate$BeanPostProcessorChecker.postProcessAfterInitialization:328 -Bean 'org.springframework.cloud.autoconfigure.ConfigurationPropertiesRebinderAutoConfiguration' of type [org.springframework.cloud.autoconfigure.ConfigurationPropertiesRebinderAutoConfiguration$$EnhancerBySpringCGLIB$$c2a4ce7b] is not eligible for getting processed by all BeanPostProcessors (for example: not eligible for auto-proxying)
2020-08-02 10:39:01.819 INFO [main]o.s.boot.web.embedded.tomcat.TomcatWebServer.initialize:91 -Tomcat initialized with port(s): 8900 (http)
2020-08-02 10:39:02.736 INFO [main]org.apache.coyote.http11.Http11NioProtocol.log:180 -Initializing ProtocolHandler ["http-nio-8900"]
2020-08-02 10:39:03.266 INFO [main]org.apache.catalina.core.StandardService.log:180 -Starting service [Tomcat]
2020-08-02 10:39:03.268 INFO [main]org.apache.catalina.core.StandardEngine.log:180 -Starting Servlet Engine: Apache Tomcat/8.5.31
2020-08-02 10:39:03.493 INFO [localhost-startStop-1]org.apache.catalina.core.AprLifecycleListener.log:180 -The APR based Apache Tomcat Native library which allows optimal performance in production environments was not found on the java.library.path: [C:\Program Files\Java\jdk1.8.0_191\bin;C:\Windows\Sun\Java\bin;C:\Windows\system32;C:\Windows;C:\Windows\system32;C:\Windows;C:\Windows\System32\Wbem;C:\Windows\System32\WindowsPowerShell\v1.0\;C:\Program Files\Java\jdk1.8.0_191\bin;C:\Program Files\Java\jdk1.8.0_191\jre\bin;C:\Program Files\erl-23.0\bin;C:\Program Files\RabbitMQ Server\rabbitmq_server-3.8.5\sbin;C:\Program Files\erl-23.0\bin;D:\node\;C:\Users\Administrator\AppData\Roaming\npm;.]
2020-08-02 10:39:09.037 INFO [localhost-startStop-1]o.a.catalina.core.ContainerBase.[Tomcat].[localhost].[/].log:180 -Initializing Spring embedded WebApplicationContext
2020-08-02 10:39:09.037 INFO [localhost-startStop-1]org.springframework.web.context.ContextLoader.prepareWebApplicationContext:285 -Root WebApplicationContext: initialization completed in 41024 ms
2020-08-02 10:39:09.972 WARN [localhost-startStop-1]com.netflix.config.sources.URLConfigurationSource.<init>:121 -No URLs will be polled as dynamic configuration sources.
2020-08-02 10:39:09.972 INFO [localhost-startStop-1]com.netflix.config.sources.URLConfigurationSource.<init>:122 -To enable URLs as dynamic configuration sources, define System property archaius.configurationSource.additionalUrls or make config.properties available on classpath.
2020-08-02 10:39:10.019 INFO [localhost-startStop-1]com.netflix.config.DynamicPropertyFactory.getInstance:281 -DynamicPropertyFactory is initialized with configuration sources: com.netflix.config.ConcurrentCompositeConfiguration@57a3c23
2020-08-02 10:39:22.121 INFO [localhost-startStop-1]o.s.boot.web.servlet.FilterRegistrationBean.configure:245 -Mapping filter: 'characterEncodingFilter' to: [/*]
2020-08-02 10:39:22.121 INFO [localhost-startStop-1]o.s.boot.web.servlet.FilterRegistrationBean.configure:245 -Mapping filter: 'tracingFilter' to: [/*]
2020-08-02 10:39:22.121 INFO [localhost-startStop-1]o.s.boot.web.servlet.FilterRegistrationBean.configure:245 -Mapping filter: 'exceptionLoggingFilter' to: [/*]
2020-08-02 10:39:22.121 INFO [localhost-startStop-1]o.s.boot.web.servlet.FilterRegistrationBean.configure:245 -Mapping filter: 'hiddenHttpMethodFilter' to: [/*]
2020-08-02 10:39:22.121 INFO [localhost-startStop-1]o.s.boot.web.servlet.FilterRegistrationBean.configure:245 -Mapping filter: 'httpPutFormContentFilter' to: [/*]
2020-08-02 10:39:22.121 INFO [localhost-startStop-1]o.s.boot.web.servlet.FilterRegistrationBean.configure:245 -Mapping filter: 'requestContextFilter' to: [/*]
2020-08-02 10:39:22.136 INFO [localhost-startStop-1]o.s.b.web.servlet.DelegatingFilterProxyRegistrationBean.configure:245 -Mapping filter: 'springSecurityFilterChain' to: [/*]
2020-08-02 10:39:22.136 INFO [localhost-startStop-1]o.s.boot.web.servlet.FilterRegistrationBean.configure:245 -Mapping filter: 'httpTraceFilter' to: [/*]
2020-08-02 10:39:22.136 INFO [localhost-startStop-1]o.s.boot.web.servlet.FilterRegistrationBean.configure:245 -Mapping filter: 'webMvcMetricsFilter' to: [/*]
2020-08-02 10:39:22.136 INFO [localhost-startStop-1]o.s.boot.web.servlet.ServletRegistrationBean.addRegistration:186 -Servlet dispatcherServlet mapped to [/]
2020-08-02 10:39:22.136 INFO [localhost-startStop-1]o.s.boot.web.servlet.ServletRegistrationBean.addRegistration:186 -Servlet zuulServlet mapped to [/zuul/*]
2020-08-02 10:39:29.360 INFO [main]o.s.c.annotation.AnnotationConfigApplicationContext.prepareRefresh:590 -Refreshing FeignContext-producer-server: startup date [Sun Aug 02 10:39:29 CST 2020]; parent: org.springframework.boot.web.servlet.context.AnnotationConfigServletWebServerApplicationContext@bdecc21
2020-08-02 10:39:29.438 INFO [main]o.s.b.f.annotation.AutowiredAnnotationBeanPostProcessor.<init>:154 -JSR-330 'javax.inject.Inject' annotation found and supported for autowiring
2020-08-02 10:39:30.093 INFO [main]o.s.cloud.netflix.eureka.InstanceInfoFactory.create:71 -Setting initial instance status as: STARTING
2020-08-02 10:39:30.233 INFO [main]com.netflix.discovery.DiscoveryClient.<init>:349 -Initializing Eureka in region us-east-1
2020-08-02 10:39:30.387 INFO [main]com.netflix.discovery.provider.DiscoveryJerseyProvider.<init>:70 -Using JSON encoding codec LegacyJacksonJson
2020-08-02 10:39:30.387 INFO [main]com.netflix.discovery.provider.DiscoveryJerseyProvider.<init>:71 -Using JSON decoding codec LegacyJacksonJson
2020-08-02 10:39:31.447 INFO [main]com.netflix.discovery.provider.DiscoveryJerseyProvider.<init>:80 -Using XML encoding codec XStreamXml
2020-08-02 10:39:31.447 INFO [main]com.netflix.discovery.provider.DiscoveryJerseyProvider.<init>:81 -Using XML decoding codec XStreamXml
2020-08-02 10:39:32.164 INFO [main]c.n.discovery.shared.resolver.aws.ConfigClusterResolver.getClusterEndpoints:43 -Resolving eureka endpoints via configuration
2020-08-02 10:39:32.496 INFO [main]com.netflix.discovery.DiscoveryClient.fetchRegistry:958 -Disable delta property : false
2020-08-02 10:39:32.496 INFO [main]com.netflix.discovery.DiscoveryClient.fetchRegistry:959 -Single vip registry refresh property : null
2020-08-02 10:39:32.496 INFO [main]com.netflix.discovery.DiscoveryClient.fetchRegistry:960 -Force full registry fetch : false
2020-08-02 10:39:32.496 INFO [main]com.netflix.discovery.DiscoveryClient.fetchRegistry:961 -Application is null : false
2020-08-02 10:39:32.496 INFO [main]com.netflix.discovery.DiscoveryClient.fetchRegistry:962 -Registered Applications size is zero : true
2020-08-02 10:39:32.496 INFO [main]com.netflix.discovery.DiscoveryClient.fetchRegistry:964 -Application version is -1: true
2020-08-02 10:39:32.496 INFO [main]com.netflix.discovery.DiscoveryClient.getAndStoreFullRegistry:1047 -Getting all instance registry info from the eureka server
2020-08-02 10:39:33.777 INFO [main]com.netflix.discovery.DiscoveryClient.getAndStoreFullRegistry:1056 -The response status is 200
2020-08-02 10:39:33.793 INFO [main]com.netflix.discovery.DiscoveryClient.initScheduledTasks:1264 -Starting heartbeat executor: renew interval is: 30
2020-08-02 10:39:33.793 INFO [main]com.netflix.discovery.InstanceInfoReplicator.<init>:60 -InstanceInfoReplicator onDemand update allowed rate per min is 4
2020-08-02 10:39:33.840 INFO [main]com.netflix.discovery.DiscoveryClient.<init>:449 -Discovery Client initialized at timestamp 1596335973808 with initial instances count: 0
2020-08-02 10:39:37.214 INFO [main]o.s.w.s.m.method.annotation.RequestMappingHandlerMapping.register:547 -Mapped "{[/auth/test],methods=[POST]}" onto public java.lang.String com.gcx.control.AuthController.test()
2020-08-02 10:39:37.245 INFO [main]o.s.w.s.m.method.annotation.RequestMappingHandlerMapping.register:547 -Mapped "{[/auth/register],methods=[POST]}" onto public java.lang.String com.gcx.control.AuthController.registerUser(java.util.Map<java.lang.String, java.lang.String>)
2020-08-02 10:39:37.245 INFO [main]o.s.w.s.m.method.annotation.RequestMappingHandlerMapping.register:547 -Mapped "{[/testCreateIndex]}" onto public com.gcx.util.MyResult<java.lang.Object> com.gcx.control.elasticsearch.testCreateIndex() throws java.io.IOException
2020-08-02 10:39:37.245 INFO [main]o.s.w.s.m.method.annotation.RequestMappingHandlerMapping.register:547 -Mapped "{[/testDeleteIndex]}" onto public com.gcx.util.MyResult<java.lang.Object> com.gcx.control.elasticsearch.testDeleteIndex() throws java.io.IOException
2020-08-02 10:39:37.245 INFO [main]o.s.w.s.m.method.annotation.RequestMappingHandlerMapping.register:547 -Mapped "{[/testAddDoc]}" onto public com.gcx.util.MyResult<java.lang.Object> com.gcx.control.elasticsearch.testAddDoc() throws java.io.IOException
2020-08-02 10:39:37.245 INFO [main]o.s.w.s.m.method.annotation.RequestMappingHandlerMapping.register:547 -Mapped "{[/testGetDoc]}" onto public com.gcx.util.MyResult<java.lang.Object> com.gcx.control.elasticsearch.testGetDoc() throws java.io.IOException
2020-08-02 10:39:37.261 INFO [main]o.s.w.s.m.method.annotation.RequestMappingHandlerMapping.register:547 -Mapped "{[/informationController/addRecord.do],methods=[GET]}" onto public com.gcx.util.MyResult<java.lang.Object> com.gcx.control.InformationController.addRecord(javax.servlet.http.HttpServletRequest,javax.servlet.http.HttpServletResponse,java.lang.String,java.lang.String,java.lang.String,java.lang.String,java.lang.String)
2020-08-02 10:39:37.261 INFO [main]o.s.w.s.m.method.annotation.RequestMappingHandlerMapping.register:547 -Mapped "{[/informationController/userLogin.do],methods=[GET]}" onto public com.gcx.util.MyResult<java.lang.Object> com.gcx.control.InformationController.userLogin(javax.servlet.http.HttpServletRequest,javax.servlet.http.HttpServletResponse,java.lang.String,java.lang.String,java.lang.String,java.lang.String)
2020-08-02 10:39:37.261 INFO [main]o.s.w.s.m.method.annotation.RequestMappingHandlerMapping.register:547 -Mapped "{[/informationController/modpassword.do],methods=[GET]}" onto public com.gcx.util.MyResult<java.lang.Object> com.gcx.control.InformationController.modpassword(javax.servlet.http.HttpServletRequest,javax.servlet.http.HttpServletResponse,java.lang.String,java.lang.String,java.lang.String)
2020-08-02 10:39:37.261 INFO [main]o.s.w.s.m.method.annotation.RequestMappingHandlerMapping.register:547 -Mapped "{[/informationController/yzmLogin.do],methods=[GET]}" onto public com.gcx.util.MyResult<java.lang.Object> com.gcx.control.InformationController.modpassword(javax.servlet.http.HttpServletRequest,javax.servlet.http.HttpServletResponse,java.lang.String,java.lang.String)
2020-08-02 10:39:37.261 INFO [main]o.s.w.s.m.method.annotation.RequestMappingHandlerMapping.register:547 -Mapped "{[/informationController/wjpassword.do]}" onto public com.gcx.util.MyResult<java.lang.Object> com.gcx.control.InformationController.wjpassword(javax.servlet.http.HttpServletRequest,javax.servlet.http.HttpServletResponse,java.lang.String,java.lang.String,java.lang.String)
2020-08-02 10:39:37.261 INFO [main]o.s.w.s.m.method.annotation.RequestMappingHandlerMapping.register:547 -Mapped "{[/informationController/checkTel.do],methods=[GET]}" onto public com.gcx.util.MyResult<java.lang.Object> com.gcx.control.InformationController.checkTel(javax.servlet.http.HttpServletRequest,javax.servlet.http.HttpServletResponse,java.lang.String)
2020-08-02 10:39:37.261 INFO [main]o.s.w.s.m.method.annotation.RequestMappingHandlerMapping.register:547 -Mapped "{[/informationController/looktelyzm.do],methods=[GET]}" onto public com.gcx.util.MyResult<java.lang.Object> com.gcx.control.InformationController.looktelyzm(javax.servlet.http.HttpServletRequest,javax.servlet.http.HttpServletResponse,java.lang.String,java.lang.String)
2020-08-02 10:39:37.261 INFO [main]o.s.w.s.m.method.annotation.RequestMappingHandlerMapping.register:547 -Mapped "{[/informationController/getPicCheckCode.do],methods=[GET]}" onto public void com.gcx.control.InformationController.getPicCheckCode(javax.servlet.http.HttpServletRequest,javax.servlet.http.HttpServletResponse)
2020-08-02 10:39:37.261 INFO [main]o.s.w.s.m.method.annotation.RequestMappingHandlerMapping.register:547 -Mapped "{[/informationController/userinfo.do]}" onto public com.gcx.util.MyResult<java.lang.Object> com.gcx.control.InformationController.userinfo(javax.servlet.http.HttpServletRequest,javax.servlet.http.HttpServletResponse,java.lang.String)
2020-08-02 10:39:37.261 INFO [main]o.s.w.s.m.method.annotation.RequestMappingHandlerMapping.register:547 -Mapped "{[/informationController/sendMessage.do],methods=[GET]}" onto public com.gcx.util.MyResult<java.lang.Object> com.gcx.control.InformationController.sendMessage(javax.servlet.http.HttpServletRequest,javax.servlet.http.HttpServletResponse,java.lang.String)
2020-08-02 10:39:37.261 INFO [main]o.s.w.s.m.method.annotation.RequestMappingHandlerMapping.register:547 -Mapped "{[/sendYmqTest]}" onto public com.gcx.util.MyResult<java.lang.Object> com.gcx.control.mq.sendYmqTest()
2020-08-02 10:39:37.261 INFO [main]o.s.w.s.m.method.annotation.RequestMappingHandlerMapping.register:547 -Mapped "{[/esTest]}" onto public void com.gcx.control.mq.esTest()
2020-08-02 10:39:37.276 INFO [main]o.s.w.s.m.method.annotation.RequestMappingHandlerMapping.register:547 -Mapped "{[/sendMessageTest]}" onto public void com.gcx.control.mq.sendMessageTest()
2020-08-02 10:39:37.276 INFO [main]o.s.w.s.m.method.annotation.RequestMappingHandlerMapping.register:547 -Mapped "{[/sendMessagesTest]}" onto public void com.gcx.control.mq.sendMessagesTest()
2020-08-02 10:39:37.276 INFO [main]o.s.w.s.m.method.annotation.RequestMappingHandlerMapping.register:547 -Mapped "{[/order/{id}],methods=[GET]}" onto public java.lang.String com.gcx.control.ordercontrol.order(long,javax.servlet.http.HttpServletRequest,javax.servlet.http.HttpServletResponse)
2020-08-02 10:39:37.276 INFO [main]o.s.w.s.m.method.annotation.RequestMappingHandlerMapping.register:547 -Mapped "{[/hello/{name}]}" onto public java.lang.String com.gcx.control.ordercontrol.index(java.lang.String)
2020-08-02 10:39:37.276 INFO [main]o.s.w.s.m.method.annotation.RequestMappingHandlerMapping.register:547 -Mapped "{[/test],methods=[GET]}" onto public java.lang.String com.gcx.control.ordercontrol.test(long,javax.servlet.http.HttpServletRequest,javax.servlet.http.HttpServletResponse)
2020-08-02 10:39:37.276 INFO [main]o.s.w.s.m.method.annotation.RequestMappingHandlerMapping.register:547 -Mapped "{[/getPicCheckCode]}" onto public void com.gcx.control.ordercontrol.getPicCheckCode(javax.servlet.http.HttpServletRequest,javax.servlet.http.HttpServletResponse)
2020-08-02 10:39:37.292 INFO [main]o.s.w.s.m.method.annotation.RequestMappingHandlerMapping.register:547 -Mapped "{[/tasks],methods=[POST]}" onto public java.lang.String com.gcx.control.TaskController.newTasks()
2020-08-02 10:39:37.292 INFO [main]o.s.w.s.m.method.annotation.RequestMappingHandlerMapping.register:547 -Mapped "{[/tasks],methods=[GET]}" onto public java.lang.String com.gcx.control.TaskController.listTasks(javax.servlet.http.HttpServletRequest,javax.servlet.http.HttpServletResponse)
2020-08-02 10:39:37.292 INFO [main]o.s.w.s.m.method.annotation.RequestMappingHandlerMapping.register:547 -Mapped "{[/tasks/{taskId}],methods=[DELETE]}" onto public java.lang.String com.gcx.control.TaskController.deleteTasks(java.lang.Integer)
2020-08-02 10:39:37.292 INFO [main]o.s.w.s.m.method.annotation.RequestMappingHandlerMapping.register:547 -Mapped "{[/tasks/test2],methods=[GET]}" onto public java.lang.String com.gcx.control.TaskController.test2(javax.servlet.http.HttpServletRequest,javax.servlet.http.HttpServletResponse)
2020-08-02 10:39:37.292 INFO [main]o.s.w.s.m.method.annotation.RequestMappingHandlerMapping.register:547 -Mapped "{[/tasks/test1],methods=[GET]}" onto public java.lang.String com.gcx.control.TaskController.test1(javax.servlet.http.HttpServletRequest,javax.servlet.http.HttpServletResponse)
2020-08-02 10:39:37.292 INFO [main]o.s.w.s.m.method.annotation.RequestMappingHandlerMapping.register:547 -Mapped "{[/tasks/{taskId}],methods=[PUT]}" onto public java.lang.String com.gcx.control.TaskController.updateTasks(java.lang.Integer)
2020-08-02 10:39:37.292 INFO [main]o.s.w.s.m.method.annotation.RequestMappingHandlerMapping.register:547 -Mapped "{[/tasks/test3],methods=[GET]}" onto public java.lang.String com.gcx.control.TaskController.test3(javax.servlet.http.HttpServletRequest,javax.servlet.http.HttpServletResponse)
2020-08-02 10:39:37.292 INFO [main]o.s.w.s.m.method.annotation.RequestMappingHandlerMapping.register:547 -Mapped "{[/tasks/test4],methods=[GET]}" onto public java.lang.String com.gcx.control.TaskController.test4(javax.servlet.http.HttpServletRequest,javax.servlet.http.HttpServletResponse)
2020-08-02 10:39:37.308 INFO [main]o.s.w.s.m.method.annotation.RequestMappingHandlerMapping.register:547 -Mapped "{[/swagger-resources/configuration/security]}" onto public org.springframework.http.ResponseEntity<springfox.documentation.swagger.web.SecurityConfiguration> springfox.documentation.swagger.web.ApiResourceController.securityConfiguration()
2020-08-02 10:39:37.308 INFO [main]o.s.w.s.m.method.annotation.RequestMappingHandlerMapping.register:547 -Mapped "{[/swagger-resources]}" onto public org.springframework.http.ResponseEntity<java.util.List<springfox.documentation.swagger.web.SwaggerResource>> springfox.documentation.swagger.web.ApiResourceController.swaggerResources()
2020-08-02 10:39:37.308 INFO [main]o.s.w.s.m.method.annotation.RequestMappingHandlerMapping.register:547 -Mapped "{[/swagger-resources/configuration/ui]}" onto public org.springframework.http.ResponseEntity<springfox.documentation.swagger.web.UiConfiguration> springfox.documentation.swagger.web.ApiResourceController.uiConfiguration()
2020-08-02 10:39:37.323 INFO [main]o.s.w.s.m.method.annotation.RequestMappingHandlerMapping.register:547 -Mapped "{[/error]}" onto public org.springframework.http.ResponseEntity<java.util.Map<java.lang.String, java.lang.Object>> org.springframework.boot.autoconfigure.web.servlet.error.BasicErrorController.error(javax.servlet.http.HttpServletRequest)
2020-08-02 10:39:37.323 INFO [main]o.s.w.s.m.method.annotation.RequestMappingHandlerMapping.register:547 -Mapped "{[/error],produces=[text/html]}" onto public org.springframework.web.servlet.ModelAndView org.springframework.boot.autoconfigure.web.servlet.error.BasicErrorController.errorHtml(javax.servlet.http.HttpServletRequest,javax.servlet.http.HttpServletResponse)
2020-08-02 10:39:37.760 INFO [main]o.s.boot.actuate.endpoint.web.EndpointLinksResolver.<init>:59 -Exposing 2 endpoint(s) beneath base path '/actuator'
2020-08-02 10:39:37.806 INFO [main]o.s.b.a.e.web.servlet.WebMvcEndpointHandlerMapping.register:547 -Mapped "{[/actuator/health],methods=[GET],produces=[application/vnd.spring-boot.actuator.v2+json || application/json]}" onto public java.lang.Object org.springframework.boot.actuate.endpoint.web.servlet.AbstractWebMvcEndpointHandlerMapping$OperationHandler.handle(javax.servlet.http.HttpServletRequest,java.util.Map<java.lang.String, java.lang.String>)
2020-08-02 10:39:37.806 INFO [main]o.s.b.a.e.web.servlet.WebMvcEndpointHandlerMapping.register:547 -Mapped "{[/actuator/info],methods=[GET],produces=[application/vnd.spring-boot.actuator.v2+json || application/json]}" onto public java.lang.Object org.springframework.boot.actuate.endpoint.web.servlet.AbstractWebMvcEndpointHandlerMapping$OperationHandler.handle(javax.servlet.http.HttpServletRequest,java.util.Map<java.lang.String, java.lang.String>)
2020-08-02 10:39:37.806 INFO [main]o.s.b.a.e.web.servlet.WebMvcEndpointHandlerMapping.register:547 -Mapped "{[/actuator],methods=[GET],produces=[application/vnd.spring-boot.actuator.v2+json || application/json]}" onto protected java.util.Map<java.lang.String, java.util.Map<java.lang.String, org.springframework.boot.actuate.endpoint.web.Link>> org.springframework.boot.actuate.endpoint.web.servlet.WebMvcEndpointHandlerMapping.links(javax.servlet.http.HttpServletRequest,javax.servlet.http.HttpServletResponse)
2020-08-02 10:39:40.103 INFO [main]o.s.security.web.DefaultSecurityFilterChain.<init>:43 -Creating filter chain: org.springframework.security.web.util.matcher.AnyRequestMatcher@1, [org.springframework.security.web.context.request.async.WebAsyncManagerIntegrationFilter@726d0482, org.springframework.security.web.context.SecurityContextPersistenceFilter@79d3fb99, org.springframework.security.web.header.HeaderWriterFilter@5e445ffe, org.springframework.web.filter.CorsFilter@15ab0461, org.springframework.security.web.authentication.logout.LogoutFilter@18ed8b75, com.gcx.filter.JWTAuthenticationFilter@2f403d0a, com.gcx.filter.JWTAuthorizationFilter@186fc6e, org.springframework.security.web.savedrequest.RequestCacheAwareFilter@7fda84cf, org.springframework.security.web.servletapi.SecurityContextHolderAwareRequestFilter@5f815f93, org.springframework.security.web.authentication.AnonymousAuthenticationFilter@1bd5b1c8, org.springframework.security.web.session.SessionManagementFilter@4d21b505, org.springframework.security.web.access.ExceptionTranslationFilter@2a3c3a04, org.springframework.security.web.access.intercept.FilterSecurityInterceptor@374013e8]
2020-08-02 10:39:40.342 INFO [main]s.d.s.web.PropertySourcedRequestMappingHandlerMapping.initHandlerMethods:69 -Mapped URL path [/v2/api-docs] onto method [public org.springframework.http.ResponseEntity<springfox.documentation.spring.web.json.Json> springfox.documentation.swagger2.web.Swagger2Controller.getDocumentation(java.lang.String,javax.servlet.http.HttpServletRequest)]
2020-08-02 10:39:41.326 WARN [main]com.netflix.config.sources.URLConfigurationSource.<init>:121 -No URLs will be polled as dynamic configuration sources.
2020-08-02 10:39:41.326 INFO [main]com.netflix.config.sources.URLConfigurationSource.<init>:122 -To enable URLs as dynamic configuration sources, define System property archaius.configurationSource.additionalUrls or make config.properties available on classpath.
2020-08-02 10:39:41.683 INFO [main]o.s.web.servlet.handler.SimpleUrlHandlerMapping.registerHandler:373 -Mapped URL path [/**/favicon.ico] onto handler of type [class org.springframework.web.servlet.resource.ResourceHttpRequestHandler]
2020-08-02 10:39:42.913 INFO [main]o.s.w.s.m.method.annotation.RequestMappingHandlerAdapter.initControllerAdviceCache:574 -Looking for @ControllerAdvice: org.springframework.boot.web.servlet.context.AnnotationConfigServletWebServerApplicationContext@bdecc21: startup date [Sun Aug 02 10:38:28 CST 2020]; parent: org.springframework.context.annotation.AnnotationConfigApplicationContext@43aaf813
2020-08-02 10:39:43.234 INFO [main]o.s.web.servlet.handler.SimpleUrlHandlerMapping.registerHandler:373 -Mapped URL path [/webjars/**] onto handler of type [class org.springframework.web.servlet.resource.ResourceHttpRequestHandler]
2020-08-02 10:39:43.234 INFO [main]o.s.web.servlet.handler.SimpleUrlHandlerMapping.registerHandler:373 -Mapped URL path [/**] onto handler of type [class org.springframework.web.servlet.resource.ResourceHttpRequestHandler]
2020-08-02 10:39:43.728 INFO [main]tk.mybatis.mapper.autoconfigure.MapperCacheDisabler.removeStaticCache:60 -Clear tk.mybatis.mapper.util.MsUtil CLASS_CACHE cache.
2020-08-02 10:39:43.730 INFO [main]tk.mybatis.mapper.autoconfigure.MapperCacheDisabler.removeStaticCache:60 -Clear tk.mybatis.mapper.genid.GenIdUtil CACHE cache.
2020-08-02 10:39:43.732 INFO [main]tk.mybatis.mapper.autoconfigure.MapperCacheDisabler.removeStaticCache:60 -Clear tk.mybatis.mapper.version.VersionUtil CACHE cache.
2020-08-02 10:39:43.733 INFO [main]tk.mybatis.mapper.autoconfigure.MapperCacheDisabler.removeEntityHelperCache:83 -Clear EntityHelper entityTableMap cache.
2020-08-02 10:39:48.303 INFO [main]o.s.cloud.netflix.zuul.ZuulFilterInitializer.contextInitialized:65 -Starting filter initializer
2020-08-02 10:39:48.865 INFO [main]o.s.jmx.export.annotation.AnnotationMBeanExporter.afterSingletonsInstantiated:433 -Registering beans for JMX exposure on startup
2020-08-02 10:39:48.865 INFO [main]o.s.jmx.export.annotation.AnnotationMBeanExporter.autodetect:895 -Bean with name 'dataSource' has been autodetected for JMX exposure
2020-08-02 10:39:48.880 INFO [main]o.s.jmx.export.annotation.AnnotationMBeanExporter.autodetect:895 -Bean with name 'rabbitConnectionFactory' has been autodetected for JMX exposure
2020-08-02 10:39:48.896 INFO [main]o.s.jmx.export.annotation.AnnotationMBeanExporter.autodetect:895 -Bean with name 'environmentManager' has been autodetected for JMX exposure
2020-08-02 10:39:48.896 INFO [main]o.s.jmx.export.annotation.AnnotationMBeanExporter.autodetect:895 -Bean with name 'refreshScope' has been autodetected for JMX exposure
2020-08-02 10:39:48.896 INFO [main]o.s.jmx.export.annotation.AnnotationMBeanExporter.autodetect:895 -Bean with name 'configurationPropertiesRebinder' has been autodetected for JMX exposure
2020-08-02 10:39:48.911 INFO [main]o.s.jmx.export.annotation.AnnotationMBeanExporter.registerBeanInstance:675 -Located managed bean 'environmentManager': registering with JMX server as MBean [org.springframework.cloud.context.environment:name=environmentManager,type=EnvironmentManager]
2020-08-02 10:39:48.927 INFO [main]o.s.jmx.export.annotation.AnnotationMBeanExporter.registerBeanInstance:675 -Located managed bean 'refreshScope': registering with JMX server as MBean [org.springframework.cloud.context.scope.refresh:name=refreshScope,type=RefreshScope]
2020-08-02 10:39:48.958 INFO [main]o.s.jmx.export.annotation.AnnotationMBeanExporter.registerBeanInstance:675 -Located managed bean 'configurationPropertiesRebinder': registering with JMX server as MBean [org.springframework.cloud.context.properties:name=configurationPropertiesRebinder,context=bdecc21,type=ConfigurationPropertiesRebinder]
2020-08-02 10:39:48.989 INFO [main]o.s.jmx.export.annotation.AnnotationMBeanExporter.registerBeanInstance:668 -Located MBean 'dataSource': registering with JMX server as MBean [com.zaxxer.hikari:name=dataSource,type=HikariDataSource]
2020-08-02 10:39:48.989 INFO [main]o.s.jmx.export.annotation.AnnotationMBeanExporter.registerBeanInstance:675 -Located managed bean 'rabbitConnectionFactory': registering with JMX server as MBean [org.springframework.amqp.rabbit.connection:name=rabbitConnectionFactory,type=CachingConnectionFactory]
2020-08-02 10:39:49.052 INFO [main]o.s.context.support.DefaultLifecycleProcessor.start:351 -Starting beans in phase 0
2020-08-02 10:39:49.052 INFO [main]o.s.c.n.eureka.serviceregistry.EurekaServiceRegistry.register:42 -Registering application consumer-server with eureka with status UP
2020-08-02 10:39:49.052 INFO [main]com.netflix.discovery.DiscoveryClient.notify:1299 -Saw local status change event StatusChangeEvent [timestamp=1596335989052, current=UP, previous=STARTING]
2020-08-02 10:39:49.052 INFO [DiscoveryClient-InstanceInfoReplicator-0]com.netflix.discovery.DiscoveryClient.register:826 -DiscoveryClient_CONSUMER-SERVER/MS-UFIYVLDHDZMG:consumer-server:8900: registering service...
2020-08-02 10:39:49.052 INFO [main]o.s.context.support.DefaultLifecycleProcessor.start:351 -Starting beans in phase 2147483647
2020-08-02 10:39:49.052 INFO [main]s.d.spring.web.plugins.DocumentationPluginsBootstrapper.start:160 -Context refreshed
2020-08-02 10:39:49.369 INFO [main]s.d.spring.web.plugins.DocumentationPluginsBootstrapper.start:163 -Found 1 custom documentation plugin(s)
2020-08-02 10:39:49.575 INFO [main]s.d.spring.web.scanners.ApiListingReferenceScanner.scan:41 -Scanning for api listing references
2020-08-02 10:39:49.866 INFO [DiscoveryClient-InstanceInfoReplicator-0]com.netflix.discovery.DiscoveryClient.register:835 -DiscoveryClient_CONSUMER-SERVER/MS-UFIYVLDHDZMG:consumer-server:8900 - registration status: 204
2020-08-02 10:39:50.241 INFO [main]s.d.s.w.readers.operation.CachingOperationNameGenerator.startingWith:40 -Generating unique operation named: modpasswordUsingGET_1
2020-08-02 10:39:50.304 INFO [main]s.d.s.w.readers.operation.CachingOperationNameGenerator.startingWith:40 -Generating unique operation named: getPicCheckCodeUsingGET_1
2020-08-02 10:39:50.469 INFO [SimpleAsyncTaskExecutor-1]o.s.amqp.rabbit.connection.CachingConnectionFactory.createBareConnection:447 -Attempting to connect to: [localhost:5672]
2020-08-02 10:39:52.577 INFO [SimpleAsyncTaskExecutor-1]o.s.amqp.rabbit.connection.CachingConnectionFactory.createBareConnection:463 -Created new connection: rabbitConnectionFactory#5bd4278e:0/SimpleConnection@63b00d4c [delegate=amqp://guest@127.0.0.1:5672/, localPort= 65342]
2020-08-02 10:39:53.970 INFO [main]org.apache.coyote.http11.Http11NioProtocol.log:180 -Starting ProtocolHandler ["http-nio-8900"]
2020-08-02 10:39:53.970 INFO [main]org.apache.tomcat.util.net.NioSelectorPool.log:180 -Using a shared selector for servlet write/read
2020-08-02 10:39:54.016 INFO [main]o.s.boot.web.embedded.tomcat.TomcatWebServer.start:206 -Tomcat started on port(s): 8900 (http) with context path ''
2020-08-02 10:39:54.016 INFO [main]o.s.c.n.e.serviceregistry.EurekaAutoServiceRegistration.onApplicationEvent:124 -Updating port to 8900
2020-08-02 10:39:54.032 INFO [main]com.gcx.ConsumerServerApplication.logStarted:59 -Started ConsumerServerApplication in 90.354 seconds (JVM running for 102.323)
2020-08-02 10:39:55.232 INFO [RMI TCP Connection(7)-192.168.1.7]com.zaxxer.hikari.HikariDataSource.getConnection:110 -HikariPool-1 - Starting...
2020-08-02 10:39:55.399 INFO [RMI TCP Connection(8)-192.168.1.7]o.a.catalina.core.ContainerBase.[Tomcat].[localhost].[/].log:180 -Initializing Spring FrameworkServlet 'dispatcherServlet'
2020-08-02 10:39:55.399 INFO [RMI TCP Connection(8)-192.168.1.7]org.springframework.web.servlet.DispatcherServlet.initServletBean:494 -FrameworkServlet 'dispatcherServlet': initialization started
2020-08-02 10:39:55.680 INFO [RMI TCP Connection(8)-192.168.1.7]org.springframework.web.servlet.DispatcherServlet.initServletBean:509 -FrameworkServlet 'dispatcherServlet': initialization completed in 281 ms
2020-08-02 10:39:57.759 INFO [RMI TCP Connection(7)-192.168.1.7]com.zaxxer.hikari.HikariDataSource.getConnection:123 -HikariPool-1 - Start completed.
2020-08-02 10:39:59.242 INFO [RMI TCP Connection(7)-192.168.1.7]io.lettuce.core.EpollProvider.info:101 -Starting without optional epoll library
2020-08-02 10:39:59.242 INFO [RMI TCP Connection(7)-192.168.1.7]io.lettuce.core.KqueueProvider.info:101 -Starting without optional kqueue library
2020-08-02 10:40:03.801 INFO [DiscoveryClient-CacheRefreshExecutor-0]com.netflix.discovery.DiscoveryClient.fetchRegistry:958 -Disable delta property : false
2020-08-02 10:40:03.801 INFO [DiscoveryClient-CacheRefreshExecutor-0]com.netflix.discovery.DiscoveryClient.fetchRegistry:959 -Single vip registry refresh property : null
2020-08-02 10:40:03.801 INFO [DiscoveryClient-CacheRefreshExecutor-0]com.netflix.discovery.DiscoveryClient.fetchRegistry:960 -Force full registry fetch : false
2020-08-02 10:40:03.801 INFO [DiscoveryClient-CacheRefreshExecutor-0]com.netflix.discovery.DiscoveryClient.fetchRegistry:961 -Application is null : false
2020-08-02 10:40:03.801 INFO [DiscoveryClient-CacheRefreshExecutor-0]com.netflix.discovery.DiscoveryClient.fetchRegistry:962 -Registered Applications size is zero : true
2020-08-02 10:40:03.801 INFO [DiscoveryClient-CacheRefreshExecutor-0]com.netflix.discovery.DiscoveryClient.fetchRegistry:964 -Application version is -1: false
2020-08-02 10:40:03.801 INFO [DiscoveryClient-CacheRefreshExecutor-0]com.netflix.discovery.DiscoveryClient.getAndStoreFullRegistry:1047 -Getting all instance registry info from the eureka server
2020-08-02 10:40:03.902 INFO [DiscoveryClient-CacheRefreshExecutor-0]com.netflix.discovery.DiscoveryClient.getAndStoreFullRegistry:1056 -The response status is 200
2020-08-02 10:41:35.113 INFO [http-nio-8900-exec-3]o.s.cloud.netflix.zuul.web.ZuulHandlerMapping.registerHandler:373 -Mapped URL path [/consumer-server/**] onto handler of type [class org.springframework.cloud.netflix.zuul.web.ZuulController]
2020-08-02 10:44:32.515 INFO [AsyncResolver-bootstrap-executor-0]c.n.discovery.shared.resolver.aws.ConfigClusterResolver.getClusterEndpoints:43 -Resolving eureka endpoints via configuration
2020-08-02 10:49:32.538 INFO [AsyncResolver-bootstrap-executor-0]c.n.discovery.shared.resolver.aws.ConfigClusterResolver.getClusterEndpoints:43 -Resolving eureka endpoints via configuration
2020-08-02 10:50:06.727 INFO [Thread-174]o.s.b.w.s.c.AnnotationConfigServletWebServerApplicationContext.doClose:993 -Closing org.springframework.boot.web.servlet.context.AnnotationConfigServletWebServerApplicationContext@bdecc21: startup date [Sun Aug 02 10:38:28 CST 2020]; parent: org.springframework.context.annotation.AnnotationConfigApplicationContext@43aaf813
2020-08-02 10:50:06.727 INFO [Thread-174]o.s.c.n.eureka.serviceregistry.EurekaServiceRegistry.deregister:65 -Unregistering application consumer-server with eureka with status DOWN
2020-08-02 10:50:06.743 WARN [Thread-174]com.netflix.discovery.DiscoveryClient.notify:1297 -Saw local status change event StatusChangeEvent [timestamp=1596336606743, current=DOWN, previous=UP]
2020-08-02 10:50:06.759 INFO [DiscoveryClient-InstanceInfoReplicator-0]com.netflix.discovery.DiscoveryClient.register:826 -DiscoveryClient_CONSUMER-SERVER/MS-UFIYVLDHDZMG:consumer-server:8900: registering service...
2020-08-02 10:50:06.759 INFO [Thread-174]o.s.context.support.DefaultLifecycleProcessor.stop:366 -Stopping beans in phase 2147483647
2020-08-02 10:50:06.852 INFO [Thread-174]o.s.amqp.rabbit.listener.SimpleMessageListenerContainer.doShutdown:534 -Waiting for workers to finish.
2020-08-02 10:50:06.883 INFO [DiscoveryClient-InstanceInfoReplicator-0]com.netflix.discovery.DiscoveryClient.register:835 -DiscoveryClient_CONSUMER-SERVER/MS-UFIYVLDHDZMG:consumer-server:8900 - registration status: 204
2020-08-02 10:50:08.060 INFO [Thread-174]o.s.amqp.rabbit.listener.SimpleMessageListenerContainer.doShutdown:537 -Successfully waited for workers to finish.
2020-08-02 10:50:08.568 INFO [Thread-174]o.s.amqp.rabbit.listener.SimpleMessageListenerContainer.doShutdown:534 -Waiting for workers to finish.
2020-08-02 10:50:08.755 INFO [Thread-174]o.s.amqp.rabbit.listener.SimpleMessageListenerContainer.doShutdown:537 -Successfully waited for workers to finish.
2020-08-02 10:50:09.121 INFO [Thread-174]o.s.amqp.rabbit.listener.SimpleMessageListenerContainer.doShutdown:534 -Waiting for workers to finish.
2020-08-02 10:50:09.768 INFO [Thread-174]o.s.amqp.rabbit.listener.SimpleMessageListenerContainer.doShutdown:537 -Successfully waited for workers to finish.
2020-08-02 10:50:09.784 INFO [Thread-174]o.s.amqp.rabbit.listener.SimpleMessageListenerContainer.doShutdown:534 -Waiting for workers to finish.
