2019-07-03 09:38:59.873 INFO [main]o.s.c.annotation.AnnotationConfigApplicationContext.prepareRefresh:590 -Refreshing org.springframework.context.annotation.AnnotationConfigApplicationContext@4a668b6e: startup date [Wed Jul 03 09:38:59 CST 2019]; root of context hierarchy
2019-07-03 09:39:00.046 INFO [main]o.s.b.f.annotation.AutowiredAnnotationBeanPostProcessor.<init>:154 -JSR-330 'javax.inject.Inject' annotation found and supported for autowiring
2019-07-03 09:39:00.074 INFO [main]o.s.c.s.PostProcessorRegistrationDelegate$BeanPostProcessorChecker.postProcessAfterInitialization:328 -Bean 'configurationPropertiesRebinderAutoConfiguration' of type [org.springframework.cloud.autoconfigure.ConfigurationPropertiesRebinderAutoConfiguration$$EnhancerBySpringCGLIB$$d257aa6a] is not eligible for getting processed by all BeanPostProcessors (for example: not eligible for auto-proxying)
2019-07-03 09:39:00.628 INFO [main]com.gcx.ConsumerServerApplication.logStartupProfileInfo:659 -No active profile set, falling back to default profiles: default
2019-07-03 09:39:00.661 INFO [main]o.s.b.w.s.c.AnnotationConfigServletWebServerApplicationContext.prepareRefresh:590 -Refreshing org.springframework.boot.web.servlet.context.AnnotationConfigServletWebServerApplicationContext@2fc6f97f: startup date [Wed Jul 03 09:39:00 CST 2019]; parent: org.springframework.context.annotation.AnnotationConfigApplicationContext@4a668b6e
2019-07-03 09:39:02.122 WARN [main]tk.mybatis.spring.mapper.ClassPathMapperScanner.doScan:142 -No MyBatis mapper was found in '[com.gcx]' package. Please check your configuration.
2019-07-03 09:39:02.149 WARN [main]org.mybatis.spring.mapper.ClassPathMapperScanner.warn:44 -No MyBatis mapper was found in '[com.gcx]' package. Please check your configuration.
2019-07-03 09:39:02.608 INFO [main]o.s.d.repository.config.RepositoryConfigurationDelegate.multipleStoresDetected:163 -Multiple Spring Data modules found, entering strict repository configuration mode!
2019-07-03 09:39:02.978 INFO [main]o.s.beans.factory.support.DefaultListableBeanFactory.registerBeanDefinition:824 -Overriding bean definition for bean 'proxyRequestHelper' with a different definition: replacing [Root bean: class [null]; scope=; abstract=false; lazyInit=false; autowireMode=3; dependencyCheck=0; autowireCandidate=true; primary=false; factoryBeanName=org.springframework.cloud.netflix.zuul.ZuulProxyAutoConfiguration$EndpointConfiguration; factoryMethodName=proxyRequestHelper; initMethodName=null; destroyMethodName=(inferred); defined in class path resource [org/springframework/cloud/netflix/zuul/ZuulProxyAutoConfiguration$EndpointConfiguration.class]] with [Root bean: class [null]; scope=; abstract=false; lazyInit=false; autowireMode=3; dependencyCheck=0; autowireCandidate=true; primary=false; factoryBeanName=org.springframework.cloud.netflix.zuul.ZuulProxyAutoConfiguration$NoActuatorConfiguration; factoryMethodName=proxyRequestHelper; initMethodName=null; destroyMethodName=(inferred); defined in class path resource [org/springframework/cloud/netflix/zuul/ZuulProxyAutoConfiguration$NoActuatorConfiguration.class]]
2019-07-03 09:39:02.984 INFO [main]o.s.beans.factory.support.DefaultListableBeanFactory.registerBeanDefinition:824 -Overriding bean definition for bean 'counterFactory' with a different definition: replacing [Root bean: class [null]; scope=; abstract=false; lazyInit=false; autowireMode=3; dependencyCheck=0; autowireCandidate=true; primary=false; factoryBeanName=org.springframework.cloud.netflix.zuul.ZuulServerAutoConfiguration$ZuulMetricsConfiguration; factoryMethodName=counterFactory; initMethodName=null; destroyMethodName=(inferred); defined in class path resource [org/springframework/cloud/netflix/zuul/ZuulServerAutoConfiguration$ZuulMetricsConfiguration.class]] with [Root bean: class [null]; scope=; abstract=false; lazyInit=false; autowireMode=3; dependencyCheck=0; autowireCandidate=true; primary=false; factoryBeanName=org.springframework.cloud.netflix.zuul.ZuulServerAutoConfiguration$ZuulCounterFactoryConfiguration; factoryMethodName=counterFactory; initMethodName=null; destroyMethodName=(inferred); defined in class path resource [org/springframework/cloud/netflix/zuul/ZuulServerAutoConfiguration$ZuulCounterFactoryConfiguration.class]]
2019-07-03 09:39:03.133 INFO [main]o.s.beans.factory.support.DefaultListableBeanFactory.registerBeanDefinition:824 -Overriding bean definition for bean 'dataSource' with a different definition: replacing [Root bean: class [null]; scope=refresh; abstract=false; lazyInit=false; autowireMode=3; dependencyCheck=0; autowireCandidate=false; primary=false; factoryBeanName=org.springframework.boot.autoconfigure.jdbc.DataSourceConfiguration$Hikari; factoryMethodName=dataSource; initMethodName=null; destroyMethodName=(inferred); defined in class path resource [org/springframework/boot/autoconfigure/jdbc/DataSourceConfiguration$Hikari.class]] with [Root bean: class [org.springframework.aop.scope.ScopedProxyFactoryBean]; scope=; abstract=false; lazyInit=false; autowireMode=0; dependencyCheck=0; autowireCandidate=true; primary=false; factoryBeanName=null; factoryMethodName=null; initMethodName=null; destroyMethodName=null; defined in BeanDefinition defined in class path resource [org/springframework/boot/autoconfigure/jdbc/DataSourceConfiguration$Hikari.class]]
2019-07-03 09:39:03.377 INFO [main]org.springframework.cloud.context.scope.GenericScope.setSerializationId:294 -BeanFactory id=15be082d-1ac7-36bb-8daf-1583803c2ec8
2019-07-03 09:39:03.446 INFO [main]o.s.b.f.annotation.AutowiredAnnotationBeanPostProcessor.<init>:154 -JSR-330 'javax.inject.Inject' annotation found and supported for autowiring
2019-07-03 09:39:04.607 INFO [main]o.s.c.s.PostProcessorRegistrationDelegate$BeanPostProcessorChecker.postProcessAfterInitialization:328 -Bean 'org.springframework.transaction.annotation.ProxyTransactionManagementConfiguration' of type [org.springframework.transaction.annotation.ProxyTransactionManagementConfiguration$$EnhancerBySpringCGLIB$$b63da76d] is not eligible for getting processed by all BeanPostProcessors (for example: not eligible for auto-proxying)
2019-07-03 09:39:04.878 INFO [main]o.s.c.s.PostProcessorRegistrationDelegate$BeanPostProcessorChecker.postProcessAfterInitialization:328 -Bean 'org.springframework.cloud.autoconfigure.ConfigurationPropertiesRebinderAutoConfiguration' of type [org.springframework.cloud.autoconfigure.ConfigurationPropertiesRebinderAutoConfiguration$$EnhancerBySpringCGLIB$$d257aa6a] is not eligible for getting processed by all BeanPostProcessors (for example: not eligible for auto-proxying)
2019-07-03 09:39:05.246 INFO [main]o.s.boot.web.embedded.tomcat.TomcatWebServer.initialize:91 -Tomcat initialized with port(s): 8900 (http)
2019-07-03 09:39:05.257 INFO [main]org.apache.coyote.http11.Http11NioProtocol.log:180 -Initializing ProtocolHandler ["http-nio-8900"]
2019-07-03 09:39:05.268 INFO [main]org.apache.catalina.core.StandardService.log:180 -Starting service [Tomcat]
2019-07-03 09:39:05.268 INFO [main]org.apache.catalina.core.StandardEngine.log:180 -Starting Servlet Engine: Apache Tomcat/8.5.31
2019-07-03 09:39:05.272 INFO [localhost-startStop-1]org.apache.catalina.core.AprLifecycleListener.log:180 -The APR based Apache Tomcat Native library which allows optimal performance in production environments was not found on the java.library.path: [C:\Program Files\Java\jdk1.8.0_172\bin;C:\Windows\Sun\Java\bin;C:\Windows\system32;C:\Windows;C:\Program Files (x86)\Common Files\Oracle\Java\javapath;C:\Windows\system32;C:\Windows;C:\Windows\System32\Wbem;C:\Windows\System32\WindowsPowerShell\v1.0\;C:\Program Files\Java\jdk1.8.0_172\bin;C:\Program Files\Java\jdk1.8.0_172\jre\bin;D:\python;D:\nodejs\;D:\python\Scripts\;D:\python\;E:\gcx\Maven\apache-maven-3.5.0\bin;C:\Program Files\Git\cmd;%ERLANG_HOME%\bin;E:\zookeeper\bin;C:\Program Files\MongoDB\Server\4.0\bin;C:\Users\Administrator\AppData\Roaming\npm;D:\nodejs;.]
2019-07-03 09:39:05.419 INFO [localhost-startStop-1]o.a.catalina.core.ContainerBase.[Tomcat].[localhost].[/].log:180 -Initializing Spring embedded WebApplicationContext
2019-07-03 09:39:05.419 INFO [localhost-startStop-1]org.springframework.web.context.ContextLoader.prepareWebApplicationContext:285 -Root WebApplicationContext: initialization completed in 4758 ms
2019-07-03 09:39:05.760 WARN [localhost-startStop-1]com.netflix.config.sources.URLConfigurationSource.<init>:121 -No URLs will be polled as dynamic configuration sources.
2019-07-03 09:39:05.760 INFO [localhost-startStop-1]com.netflix.config.sources.URLConfigurationSource.<init>:122 -To enable URLs as dynamic configuration sources, define System property archaius.configurationSource.additionalUrls or make config.properties available on classpath.
2019-07-03 09:39:05.781 INFO [localhost-startStop-1]com.netflix.config.DynamicPropertyFactory.getInstance:281 -DynamicPropertyFactory is initialized with configuration sources: com.netflix.config.ConcurrentCompositeConfiguration@1137bf3c
2019-07-03 09:39:07.827 INFO [localhost-startStop-1]org.elasticsearch.plugins.PluginsService.logPluginInfo:175 -no modules loaded
2019-07-03 09:39:07.828 INFO [localhost-startStop-1]org.elasticsearch.plugins.PluginsService.logPluginInfo:178 -loaded plugin [org.elasticsearch.index.reindex.ReindexPlugin]
2019-07-03 09:39:07.829 INFO [localhost-startStop-1]org.elasticsearch.plugins.PluginsService.logPluginInfo:178 -loaded plugin [org.elasticsearch.join.ParentJoinPlugin]
2019-07-03 09:39:07.829 INFO [localhost-startStop-1]org.elasticsearch.plugins.PluginsService.logPluginInfo:178 -loaded plugin [org.elasticsearch.percolator.PercolatorPlugin]
2019-07-03 09:39:07.829 INFO [localhost-startStop-1]org.elasticsearch.plugins.PluginsService.logPluginInfo:178 -loaded plugin [org.elasticsearch.script.mustache.MustachePlugin]
2019-07-03 09:39:07.829 INFO [localhost-startStop-1]org.elasticsearch.plugins.PluginsService.logPluginInfo:178 -loaded plugin [org.elasticsearch.transport.Netty3Plugin]
2019-07-03 09:39:07.830 INFO [localhost-startStop-1]org.elasticsearch.plugins.PluginsService.logPluginInfo:178 -loaded plugin [org.elasticsearch.transport.Netty4Plugin]
2019-07-03 09:39:08.942 INFO [localhost-startStop-1]io.netty.util.internal.PlatformDependent.info:104 -Your platform does not provide complete low-level API for accessing direct buffers reliably. Unless explicitly requested, heap buffer will always be preferred to avoid potential system instability.
2019-07-03 09:39:11.106 INFO [localhost-startStop-1]o.s.boot.web.servlet.FilterRegistrationBean.configure:245 -Mapping filter: 'characterEncodingFilter' to: [/*]
2019-07-03 09:39:11.106 INFO [localhost-startStop-1]o.s.boot.web.servlet.FilterRegistrationBean.configure:245 -Mapping filter: 'tracingFilter' to: [/*]
2019-07-03 09:39:11.107 INFO [localhost-startStop-1]o.s.boot.web.servlet.FilterRegistrationBean.configure:245 -Mapping filter: 'exceptionLoggingFilter' to: [/*]
2019-07-03 09:39:11.107 INFO [localhost-startStop-1]o.s.boot.web.servlet.FilterRegistrationBean.configure:245 -Mapping filter: 'hiddenHttpMethodFilter' to: [/*]
2019-07-03 09:39:11.107 INFO [localhost-startStop-1]o.s.boot.web.servlet.FilterRegistrationBean.configure:245 -Mapping filter: 'httpPutFormContentFilter' to: [/*]
2019-07-03 09:39:11.107 INFO [localhost-startStop-1]o.s.boot.web.servlet.FilterRegistrationBean.configure:245 -Mapping filter: 'requestContextFilter' to: [/*]
2019-07-03 09:39:11.107 INFO [localhost-startStop-1]o.s.boot.web.servlet.FilterRegistrationBean.configure:245 -Mapping filter: 'httpTraceFilter' to: [/*]
2019-07-03 09:39:11.107 INFO [localhost-startStop-1]o.s.boot.web.servlet.FilterRegistrationBean.configure:245 -Mapping filter: 'webMvcMetricsFilter' to: [/*]
2019-07-03 09:39:11.108 INFO [localhost-startStop-1]o.s.boot.web.servlet.ServletRegistrationBean.addRegistration:186 -Servlet dispatcherServlet mapped to [/]
2019-07-03 09:39:11.109 INFO [localhost-startStop-1]o.s.boot.web.servlet.ServletRegistrationBean.addRegistration:186 -Servlet zuulServlet mapped to [/zuul/*]
2019-07-03 09:39:12.902 INFO [main]o.s.w.s.m.method.annotation.RequestMappingHandlerMapping.register:547 -Mapped "{[/informationController/userinfo.do]}" onto public com.gcx.util.MyResult<java.lang.Object> com.gcx.control.InformationController.userinfo(javax.servlet.http.HttpServletRequest,javax.servlet.http.HttpServletResponse,java.lang.String)
2019-07-03 09:39:12.904 INFO [main]o.s.w.s.m.method.annotation.RequestMappingHandlerMapping.register:547 -Mapped "{[/informationController/sendMessage.do],methods=[GET]}" onto public com.gcx.util.MyResult<java.lang.Object> com.gcx.control.InformationController.sendMessage(javax.servlet.http.HttpServletRequest,javax.servlet.http.HttpServletResponse,java.lang.String)
2019-07-03 09:39:12.904 INFO [main]o.s.w.s.m.method.annotation.RequestMappingHandlerMapping.register:547 -Mapped "{[/informationController/addRecord.do],methods=[GET]}" onto public com.gcx.util.MyResult<java.lang.Object> com.gcx.control.InformationController.addRecord(javax.servlet.http.HttpServletRequest,javax.servlet.http.HttpServletResponse,java.lang.String,java.lang.String,java.lang.String,java.lang.String,java.lang.String)
2019-07-03 09:39:12.904 INFO [main]o.s.w.s.m.method.annotation.RequestMappingHandlerMapping.register:547 -Mapped "{[/informationController/userLogin.do],methods=[GET]}" onto public com.gcx.util.MyResult<java.lang.Object> com.gcx.control.InformationController.userLogin(javax.servlet.http.HttpServletRequest,javax.servlet.http.HttpServletResponse,java.lang.String,java.lang.String,java.lang.String,java.lang.String)
2019-07-03 09:39:12.905 INFO [main]o.s.w.s.m.method.annotation.RequestMappingHandlerMapping.register:547 -Mapped "{[/informationController/modpassword.do],methods=[GET]}" onto public com.gcx.util.MyResult<java.lang.Object> com.gcx.control.InformationController.modpassword(javax.servlet.http.HttpServletRequest,javax.servlet.http.HttpServletResponse,java.lang.String,java.lang.String,java.lang.String)
2019-07-03 09:39:12.905 INFO [main]o.s.w.s.m.method.annotation.RequestMappingHandlerMapping.register:547 -Mapped "{[/informationController/yzmLogin.do],methods=[GET]}" onto public com.gcx.util.MyResult<java.lang.Object> com.gcx.control.InformationController.modpassword(javax.servlet.http.HttpServletRequest,javax.servlet.http.HttpServletResponse,java.lang.String,java.lang.String)
2019-07-03 09:39:12.906 INFO [main]o.s.w.s.m.method.annotation.RequestMappingHandlerMapping.register:547 -Mapped "{[/informationController/wjpassword.do]}" onto public com.gcx.util.MyResult<java.lang.Object> com.gcx.control.InformationController.wjpassword(javax.servlet.http.HttpServletRequest,javax.servlet.http.HttpServletResponse,java.lang.String,java.lang.String,java.lang.String)
2019-07-03 09:39:12.906 INFO [main]o.s.w.s.m.method.annotation.RequestMappingHandlerMapping.register:547 -Mapped "{[/informationController/checkTel.do],methods=[GET]}" onto public com.gcx.util.MyResult<java.lang.Object> com.gcx.control.InformationController.checkTel(javax.servlet.http.HttpServletRequest,javax.servlet.http.HttpServletResponse,java.lang.String)
2019-07-03 09:39:12.907 INFO [main]o.s.w.s.m.method.annotation.RequestMappingHandlerMapping.register:547 -Mapped "{[/informationController/looktelyzm.do],methods=[GET]}" onto public com.gcx.util.MyResult<java.lang.Object> com.gcx.control.InformationController.looktelyzm(javax.servlet.http.HttpServletRequest,javax.servlet.http.HttpServletResponse,java.lang.String,java.lang.String)
2019-07-03 09:39:12.907 INFO [main]o.s.w.s.m.method.annotation.RequestMappingHandlerMapping.register:547 -Mapped "{[/informationController/getPicCheckCode.do],methods=[GET]}" onto public void com.gcx.control.InformationController.getPicCheckCode(javax.servlet.http.HttpServletRequest,javax.servlet.http.HttpServletResponse)
2019-07-03 09:39:12.908 INFO [main]o.s.w.s.m.method.annotation.RequestMappingHandlerMapping.register:547 -Mapped "{[/order/{id}],methods=[GET]}" onto public java.lang.String com.gcx.control.ordercontrol.order(long,javax.servlet.http.HttpServletRequest,javax.servlet.http.HttpServletResponse)
2019-07-03 09:39:12.909 INFO [main]o.s.w.s.m.method.annotation.RequestMappingHandlerMapping.register:547 -Mapped "{[/getPicCheckCode]}" onto public void com.gcx.control.ordercontrol.getPicCheckCode(javax.servlet.http.HttpServletRequest,javax.servlet.http.HttpServletResponse)
2019-07-03 09:39:12.912 INFO [main]o.s.w.s.m.method.annotation.RequestMappingHandlerMapping.register:547 -Mapped "{[/swagger-resources/configuration/security]}" onto public org.springframework.http.ResponseEntity<springfox.documentation.swagger.web.SecurityConfiguration> springfox.documentation.swagger.web.ApiResourceController.securityConfiguration()
2019-07-03 09:39:12.913 INFO [main]o.s.w.s.m.method.annotation.RequestMappingHandlerMapping.register:547 -Mapped "{[/swagger-resources/configuration/ui]}" onto public org.springframework.http.ResponseEntity<springfox.documentation.swagger.web.UiConfiguration> springfox.documentation.swagger.web.ApiResourceController.uiConfiguration()
2019-07-03 09:39:12.914 INFO [main]o.s.w.s.m.method.annotation.RequestMappingHandlerMapping.register:547 -Mapped "{[/swagger-resources]}" onto public org.springframework.http.ResponseEntity<java.util.List<springfox.documentation.swagger.web.SwaggerResource>> springfox.documentation.swagger.web.ApiResourceController.swaggerResources()
2019-07-03 09:39:12.917 INFO [main]o.s.w.s.m.method.annotation.RequestMappingHandlerMapping.register:547 -Mapped "{[/error]}" onto public org.springframework.http.ResponseEntity<java.util.Map<java.lang.String, java.lang.Object>> org.springframework.boot.autoconfigure.web.servlet.error.BasicErrorController.error(javax.servlet.http.HttpServletRequest)
2019-07-03 09:39:12.917 INFO [main]o.s.w.s.m.method.annotation.RequestMappingHandlerMapping.register:547 -Mapped "{[/error],produces=[text/html]}" onto public org.springframework.web.servlet.ModelAndView org.springframework.boot.autoconfigure.web.servlet.error.BasicErrorController.errorHtml(javax.servlet.http.HttpServletRequest,javax.servlet.http.HttpServletResponse)
2019-07-03 09:39:13.048 INFO [main]o.s.boot.actuate.endpoint.web.EndpointLinksResolver.<init>:59 -Exposing 2 endpoint(s) beneath base path '/actuator'
2019-07-03 09:39:13.060 INFO [main]o.s.b.a.e.web.servlet.WebMvcEndpointHandlerMapping.register:547 -Mapped "{[/actuator/health],methods=[GET],produces=[application/vnd.spring-boot.actuator.v2+json || application/json]}" onto public java.lang.Object org.springframework.boot.actuate.endpoint.web.servlet.AbstractWebMvcEndpointHandlerMapping$OperationHandler.handle(javax.servlet.http.HttpServletRequest,java.util.Map<java.lang.String, java.lang.String>)
2019-07-03 09:39:13.062 INFO [main]o.s.b.a.e.web.servlet.WebMvcEndpointHandlerMapping.register:547 -Mapped "{[/actuator/info],methods=[GET],produces=[application/vnd.spring-boot.actuator.v2+json || application/json]}" onto public java.lang.Object org.springframework.boot.actuate.endpoint.web.servlet.AbstractWebMvcEndpointHandlerMapping$OperationHandler.handle(javax.servlet.http.HttpServletRequest,java.util.Map<java.lang.String, java.lang.String>)
2019-07-03 09:39:13.063 INFO [main]o.s.b.a.e.web.servlet.WebMvcEndpointHandlerMapping.register:547 -Mapped "{[/actuator],methods=[GET],produces=[application/vnd.spring-boot.actuator.v2+json || application/json]}" onto protected java.util.Map<java.lang.String, java.util.Map<java.lang.String, org.springframework.boot.actuate.endpoint.web.Link>> org.springframework.boot.actuate.endpoint.web.servlet.WebMvcEndpointHandlerMapping.links(javax.servlet.http.HttpServletRequest,javax.servlet.http.HttpServletResponse)
2019-07-03 09:39:13.294 INFO [main]s.d.s.web.PropertySourcedRequestMappingHandlerMapping.initHandlerMethods:69 -Mapped URL path [/v2/api-docs] onto method [public org.springframework.http.ResponseEntity<springfox.documentation.spring.web.json.Json> springfox.documentation.swagger2.web.Swagger2Controller.getDocumentation(java.lang.String,javax.servlet.http.HttpServletRequest)]
2019-07-03 09:39:13.424 WARN [main]com.netflix.config.sources.URLConfigurationSource.<init>:121 -No URLs will be polled as dynamic configuration sources.
2019-07-03 09:39:13.424 INFO [main]com.netflix.config.sources.URLConfigurationSource.<init>:122 -To enable URLs as dynamic configuration sources, define System property archaius.configurationSource.additionalUrls or make config.properties available on classpath.
2019-07-03 09:39:13.502 INFO [main]o.s.web.servlet.handler.SimpleUrlHandlerMapping.registerHandler:373 -Mapped URL path [/**/favicon.ico] onto handler of type [class org.springframework.web.servlet.resource.ResourceHttpRequestHandler]
2019-07-03 09:39:13.775 INFO [main]o.s.w.s.m.method.annotation.RequestMappingHandlerAdapter.initControllerAdviceCache:574 -Looking for @ControllerAdvice: org.springframework.boot.web.servlet.context.AnnotationConfigServletWebServerApplicationContext@2fc6f97f: startup date [Wed Jul 03 09:39:00 CST 2019]; parent: org.springframework.context.annotation.AnnotationConfigApplicationContext@4a668b6e
2019-07-03 09:39:13.839 INFO [main]o.s.web.servlet.handler.SimpleUrlHandlerMapping.registerHandler:373 -Mapped URL path [/webjars/**] onto handler of type [class org.springframework.web.servlet.resource.ResourceHttpRequestHandler]
2019-07-03 09:39:13.840 INFO [main]o.s.web.servlet.handler.SimpleUrlHandlerMapping.registerHandler:373 -Mapped URL path [/**] onto handler of type [class org.springframework.web.servlet.resource.ResourceHttpRequestHandler]
2019-07-03 09:39:13.944 INFO [main]tk.mybatis.mapper.autoconfigure.MapperCacheDisabler.removeStaticCache:60 -Clear tk.mybatis.mapper.util.MsUtil CLASS_CACHE cache.
2019-07-03 09:39:13.944 INFO [main]tk.mybatis.mapper.autoconfigure.MapperCacheDisabler.removeStaticCache:60 -Clear tk.mybatis.mapper.genid.GenIdUtil CACHE cache.
2019-07-03 09:39:13.945 INFO [main]tk.mybatis.mapper.autoconfigure.MapperCacheDisabler.removeStaticCache:60 -Clear tk.mybatis.mapper.version.VersionUtil CACHE cache.
2019-07-03 09:39:13.945 INFO [main]tk.mybatis.mapper.autoconfigure.MapperCacheDisabler.removeEntityHelperCache:83 -Clear EntityHelper entityTableMap cache.
2019-07-03 09:39:20.057 INFO [main]o.s.cloud.netflix.zuul.ZuulFilterInitializer.contextInitialized:65 -Starting filter initializer
2019-07-03 09:39:20.266 INFO [main]o.s.jmx.export.annotation.AnnotationMBeanExporter.afterSingletonsInstantiated:433 -Registering beans for JMX exposure on startup
2019-07-03 09:39:20.268 INFO [main]o.s.jmx.export.annotation.AnnotationMBeanExporter.autodetect:895 -Bean with name 'dataSource' has been autodetected for JMX exposure
2019-07-03 09:39:20.278 INFO [main]o.s.jmx.export.annotation.AnnotationMBeanExporter.autodetect:895 -Bean with name 'environmentManager' has been autodetected for JMX exposure
2019-07-03 09:39:20.280 INFO [main]o.s.jmx.export.annotation.AnnotationMBeanExporter.autodetect:895 -Bean with name 'refreshScope' has been autodetected for JMX exposure
2019-07-03 09:39:20.281 INFO [main]o.s.jmx.export.annotation.AnnotationMBeanExporter.autodetect:895 -Bean with name 'configurationPropertiesRebinder' has been autodetected for JMX exposure
2019-07-03 09:39:20.285 INFO [main]o.s.jmx.export.annotation.AnnotationMBeanExporter.registerBeanInstance:675 -Located managed bean 'environmentManager': registering with JMX server as MBean [org.springframework.cloud.context.environment:name=environmentManager,type=EnvironmentManager]
2019-07-03 09:39:20.293 INFO [main]o.s.jmx.export.annotation.AnnotationMBeanExporter.registerBeanInstance:675 -Located managed bean 'refreshScope': registering with JMX server as MBean [org.springframework.cloud.context.scope.refresh:name=refreshScope,type=RefreshScope]
2019-07-03 09:39:20.304 INFO [main]o.s.jmx.export.annotation.AnnotationMBeanExporter.registerBeanInstance:675 -Located managed bean 'configurationPropertiesRebinder': registering with JMX server as MBean [org.springframework.cloud.context.properties:name=configurationPropertiesRebinder,context=2fc6f97f,type=ConfigurationPropertiesRebinder]
2019-07-03 09:39:20.310 INFO [main]o.s.jmx.export.annotation.AnnotationMBeanExporter.registerBeanInstance:668 -Located MBean 'dataSource': registering with JMX server as MBean [com.zaxxer.hikari:name=dataSource,type=HikariDataSource]
2019-07-03 09:39:20.320 INFO [main]o.s.context.support.DefaultLifecycleProcessor.start:351 -Starting beans in phase 0
2019-07-03 09:39:20.326 INFO [main]o.s.cloud.netflix.eureka.InstanceInfoFactory.create:71 -Setting initial instance status as: STARTING
2019-07-03 09:39:20.937 INFO [main]com.netflix.discovery.DiscoveryClient.<init>:349 -Initializing Eureka in region us-east-1
2019-07-03 09:39:20.990 INFO [main]com.netflix.discovery.provider.DiscoveryJerseyProvider.<init>:70 -Using JSON encoding codec LegacyJacksonJson
2019-07-03 09:39:20.991 INFO [main]com.netflix.discovery.provider.DiscoveryJerseyProvider.<init>:71 -Using JSON decoding codec LegacyJacksonJson
2019-07-03 09:39:21.080 INFO [main]com.netflix.discovery.provider.DiscoveryJerseyProvider.<init>:80 -Using XML encoding codec XStreamXml
2019-07-03 09:39:21.080 INFO [main]com.netflix.discovery.provider.DiscoveryJerseyProvider.<init>:81 -Using XML decoding codec XStreamXml
2019-07-03 09:39:21.235 INFO [main]c.n.discovery.shared.resolver.aws.ConfigClusterResolver.getClusterEndpoints:43 -Resolving eureka endpoints via configuration
2019-07-03 09:39:21.445 INFO [main]com.netflix.discovery.DiscoveryClient.fetchRegistry:958 -Disable delta property : false
2019-07-03 09:39:21.445 INFO [main]com.netflix.discovery.DiscoveryClient.fetchRegistry:959 -Single vip registry refresh property : null
2019-07-03 09:39:21.445 INFO [main]com.netflix.discovery.DiscoveryClient.fetchRegistry:960 -Force full registry fetch : false
2019-07-03 09:39:21.445 INFO [main]com.netflix.discovery.DiscoveryClient.fetchRegistry:961 -Application is null : false
2019-07-03 09:39:21.445 INFO [main]com.netflix.discovery.DiscoveryClient.fetchRegistry:962 -Registered Applications size is zero : true
2019-07-03 09:39:21.445 INFO [main]com.netflix.discovery.DiscoveryClient.fetchRegistry:964 -Application version is -1: true
2019-07-03 09:39:21.446 INFO [main]com.netflix.discovery.DiscoveryClient.getAndStoreFullRegistry:1047 -Getting all instance registry info from the eureka server
2019-07-03 09:39:21.510 INFO [main]com.netflix.discovery.DiscoveryClient.getAndStoreFullRegistry:1056 -The response status is 200
2019-07-03 09:39:21.512 INFO [main]com.netflix.discovery.DiscoveryClient.initScheduledTasks:1264 -Starting heartbeat executor: renew interval is: 30
2019-07-03 09:39:21.514 INFO [main]com.netflix.discovery.InstanceInfoReplicator.<init>:60 -InstanceInfoReplicator onDemand update allowed rate per min is 4
2019-07-03 09:39:21.517 INFO [main]com.netflix.discovery.DiscoveryClient.<init>:449 -Discovery Client initialized at timestamp 1562117961516 with initial instances count: 0
2019-07-03 09:39:21.527 INFO [main]o.s.c.n.eureka.serviceregistry.EurekaServiceRegistry.register:42 -Registering application consumer-server with eureka with status UP
2019-07-03 09:39:21.528 INFO [main]com.netflix.discovery.DiscoveryClient.notify:1299 -Saw local status change event StatusChangeEvent [timestamp=1562117961527, current=UP, previous=STARTING]
2019-07-03 09:39:21.529 INFO [DiscoveryClient-InstanceInfoReplicator-0]com.netflix.discovery.DiscoveryClient.register:826 -DiscoveryClient_CONSUMER-SERVER/GCX-liwenbo:consumer-server:8900: registering service...
2019-07-03 09:39:21.534 INFO [main]o.s.context.support.DefaultLifecycleProcessor.start:351 -Starting beans in phase 2147483647
2019-07-03 09:39:21.535 INFO [main]s.d.spring.web.plugins.DocumentationPluginsBootstrapper.start:160 -Context refreshed
2019-07-03 09:39:21.565 INFO [main]s.d.spring.web.plugins.DocumentationPluginsBootstrapper.start:163 -Found 1 custom documentation plugin(s)
2019-07-03 09:39:21.572 INFO [DiscoveryClient-InstanceInfoReplicator-0]com.netflix.discovery.DiscoveryClient.register:835 -DiscoveryClient_CONSUMER-SERVER/GCX-liwenbo:consumer-server:8900 - registration status: 204
2019-07-03 09:39:21.628 INFO [main]s.d.spring.web.scanners.ApiListingReferenceScanner.scan:41 -Scanning for api listing references
2019-07-03 09:39:21.791 INFO [main]s.d.s.w.readers.operation.CachingOperationNameGenerator.startingWith:40 -Generating unique operation named: modpasswordUsingGET_1
2019-07-03 09:39:21.823 INFO [main]s.d.s.w.readers.operation.CachingOperationNameGenerator.startingWith:40 -Generating unique operation named: getPicCheckCodeUsingGET_1
2019-07-03 09:39:21.857 INFO [main]org.apache.coyote.http11.Http11NioProtocol.log:180 -Starting ProtocolHandler ["http-nio-8900"]
2019-07-03 09:39:21.858 INFO [main]org.apache.tomcat.util.net.NioSelectorPool.log:180 -Using a shared selector for servlet write/read
2019-07-03 09:39:21.870 INFO [main]o.s.boot.web.embedded.tomcat.TomcatWebServer.start:206 -Tomcat started on port(s): 8900 (http) with context path ''
2019-07-03 09:39:21.871 INFO [main]o.s.c.n.e.serviceregistry.EurekaAutoServiceRegistration.onApplicationEvent:124 -Updating port to 8900
2019-07-03 09:39:21.873 INFO [main]com.gcx.ConsumerServerApplication.logStarted:59 -Started ConsumerServerApplication in 23.635 seconds (JVM running for 25.05)
2019-07-03 09:39:22.195 INFO [RMI TCP Connection(8)-127.0.0.1]o.a.catalina.core.ContainerBase.[Tomcat].[localhost].[/].log:180 -Initializing Spring FrameworkServlet 'dispatcherServlet'
2019-07-03 09:39:22.195 INFO [RMI TCP Connection(8)-127.0.0.1]org.springframework.web.servlet.DispatcherServlet.initServletBean:494 -FrameworkServlet 'dispatcherServlet': initialization started
2019-07-03 09:39:22.222 INFO [RMI TCP Connection(11)-127.0.0.1]com.zaxxer.hikari.HikariDataSource.getConnection:110 -HikariPool-1 - Starting...
2019-07-03 09:39:22.275 INFO [RMI TCP Connection(8)-127.0.0.1]org.springframework.web.servlet.DispatcherServlet.initServletBean:509 -FrameworkServlet 'dispatcherServlet': initialization completed in 80 ms
2019-07-03 09:39:22.574 INFO [RMI TCP Connection(11)-127.0.0.1]com.zaxxer.hikari.HikariDataSource.getConnection:123 -HikariPool-1 - Start completed.
2019-07-03 09:39:23.047 WARN [RMI TCP Connection(11)-127.0.0.1]o.s.b.actuate.elasticsearch.ElasticsearchHealthIndicator.health:89 -Elasticsearch health check failed
org.elasticsearch.ElasticsearchTimeoutException: java.util.concurrent.TimeoutException: Timeout waiting for task.
	at org.elasticsearch.action.support.AdapterActionFuture.actionGet(AdapterActionFuture.java:71)
	at org.elasticsearch.action.support.AdapterActionFuture.actionGet(AdapterActionFuture.java:58)
	at org.springframework.boot.actuate.elasticsearch.ElasticsearchHealthIndicator.doHealthCheck(ElasticsearchHealthIndicator.java:80)
	at org.springframework.boot.actuate.health.AbstractHealthIndicator.health(AbstractHealthIndicator.java:84)
	at org.springframework.boot.actuate.health.CompositeHealthIndicator.health(CompositeHealthIndicator.java:68)
	at org.springframework.boot.actuate.health.HealthEndpoint.health(HealthEndpoint.java:47)
	at sun.reflect.NativeMethodAccessorImpl.invoke0(Native Method)
	at sun.reflect.NativeMethodAccessorImpl.invoke(NativeMethodAccessorImpl.java:62)
	at sun.reflect.DelegatingMethodAccessorImpl.invoke(DelegatingMethodAccessorImpl.java:43)
	at java.lang.reflect.Method.invoke(Method.java:498)
	at org.springframework.util.ReflectionUtils.invokeMethod(ReflectionUtils.java:223)
	at org.springframework.boot.actuate.endpoint.invoke.reflect.ReflectiveOperationInvoker.invoke(ReflectiveOperationInvoker.java:76)
	at org.springframework.boot.actuate.endpoint.annotation.AbstractDiscoveredOperation.invoke(AbstractDiscoveredOperation.java:61)
	at org.springframework.boot.actuate.endpoint.jmx.EndpointMBean.invoke(EndpointMBean.java:126)
	at org.springframework.boot.actuate.endpoint.jmx.EndpointMBean.invoke(EndpointMBean.java:99)
	at com.sun.jmx.interceptor.DefaultMBeanServerInterceptor.invoke(DefaultMBeanServerInterceptor.java:819)
	at com.sun.jmx.mbeanserver.JmxMBeanServer.invoke(JmxMBeanServer.java:801)
	at javax.management.remote.rmi.RMIConnectionImpl.doOperation(RMIConnectionImpl.java:1468)
	at javax.management.remote.rmi.RMIConnectionImpl.access$300(RMIConnectionImpl.java:76)
	at javax.management.remote.rmi.RMIConnectionImpl$PrivilegedOperation.run(RMIConnectionImpl.java:1309)
	at javax.management.remote.rmi.RMIConnectionImpl.doPrivilegedOperation(RMIConnectionImpl.java:1401)
	at javax.management.remote.rmi.RMIConnectionImpl.invoke(RMIConnectionImpl.java:829)
	at sun.reflect.GeneratedMethodAccessor86.invoke(Unknown Source)
	at sun.reflect.DelegatingMethodAccessorImpl.invoke(DelegatingMethodAccessorImpl.java:43)
	at java.lang.reflect.Method.invoke(Method.java:498)
	at sun.rmi.server.UnicastServerRef.dispatch(UnicastServerRef.java:357)
	at sun.rmi.transport.Transport$1.run(Transport.java:200)
	at sun.rmi.transport.Transport$1.run(Transport.java:197)
	at java.security.AccessController.doPrivileged(Native Method)
	at sun.rmi.transport.Transport.serviceCall(Transport.java:196)
	at sun.rmi.transport.tcp.TCPTransport.handleMessages(TCPTransport.java:573)
	at sun.rmi.transport.tcp.TCPTransport$ConnectionHandler.run0(TCPTransport.java:835)
	at sun.rmi.transport.tcp.TCPTransport$ConnectionHandler.lambda$run$0(TCPTransport.java:688)
	at java.security.AccessController.doPrivileged(Native Method)
	at sun.rmi.transport.tcp.TCPTransport$ConnectionHandler.run(TCPTransport.java:687)
	at java.util.concurrent.ThreadPoolExecutor.runWorker(ThreadPoolExecutor.java:1149)
	at java.util.concurrent.ThreadPoolExecutor$Worker.run(ThreadPoolExecutor.java:624)
	at java.lang.Thread.run(Thread.java:748)
Caused by: java.util.concurrent.TimeoutException: Timeout waiting for task.
	at org.elasticsearch.common.util.concurrent.BaseFuture$Sync.get(BaseFuture.java:232)
	at org.elasticsearch.common.util.concurrent.BaseFuture.get(BaseFuture.java:67)
	at org.elasticsearch.action.support.AdapterActionFuture.actionGet(AdapterActionFuture.java:69)
	... 37 common frames omitted
2019-07-03 09:39:23.349 INFO [RMI TCP Connection(11)-127.0.0.1]io.lettuce.core.EpollProvider.info:104 -Starting without optional epoll library
2019-07-03 09:39:23.352 INFO [RMI TCP Connection(11)-127.0.0.1]io.lettuce.core.KqueueProvider.info:104 -Starting without optional kqueue library
2019-07-03 09:39:51.519 INFO [DiscoveryClient-CacheRefreshExecutor-0]com.netflix.discovery.DiscoveryClient.fetchRegistry:958 -Disable delta property : false
2019-07-03 09:39:51.524 INFO [DiscoveryClient-CacheRefreshExecutor-0]com.netflix.discovery.DiscoveryClient.fetchRegistry:959 -Single vip registry refresh property : null
2019-07-03 09:39:51.524 INFO [DiscoveryClient-CacheRefreshExecutor-0]com.netflix.discovery.DiscoveryClient.fetchRegistry:960 -Force full registry fetch : false
2019-07-03 09:39:51.524 INFO [DiscoveryClient-CacheRefreshExecutor-0]com.netflix.discovery.DiscoveryClient.fetchRegistry:961 -Application is null : false
2019-07-03 09:39:51.525 INFO [DiscoveryClient-CacheRefreshExecutor-0]com.netflix.discovery.DiscoveryClient.fetchRegistry:962 -Registered Applications size is zero : true
2019-07-03 09:39:51.525 INFO [DiscoveryClient-CacheRefreshExecutor-0]com.netflix.discovery.DiscoveryClient.fetchRegistry:964 -Application version is -1: false
2019-07-03 09:39:51.525 INFO [DiscoveryClient-CacheRefreshExecutor-0]com.netflix.discovery.DiscoveryClient.getAndStoreFullRegistry:1047 -Getting all instance registry info from the eureka server
2019-07-03 09:39:51.554 INFO [DiscoveryClient-CacheRefreshExecutor-0]com.netflix.discovery.DiscoveryClient.getAndStoreFullRegistry:1056 -The response status is 200
2019-07-03 09:44:21.470 INFO [AsyncResolver-bootstrap-executor-0]c.n.discovery.shared.resolver.aws.ConfigClusterResolver.getClusterEndpoints:43 -Resolving eureka endpoints via configuration
2019-07-03 09:49:21.499 INFO [AsyncResolver-bootstrap-executor-0]c.n.discovery.shared.resolver.aws.ConfigClusterResolver.getClusterEndpoints:43 -Resolving eureka endpoints via configuration
2019-07-03 09:54:21.522 INFO [AsyncResolver-bootstrap-executor-0]c.n.discovery.shared.resolver.aws.ConfigClusterResolver.getClusterEndpoints:43 -Resolving eureka endpoints via configuration
2019-07-03 09:59:21.546 INFO [AsyncResolver-bootstrap-executor-0]c.n.discovery.shared.resolver.aws.ConfigClusterResolver.getClusterEndpoints:43 -Resolving eureka endpoints via configuration
2019-07-03 10:04:21.569 INFO [AsyncResolver-bootstrap-executor-0]c.n.discovery.shared.resolver.aws.ConfigClusterResolver.getClusterEndpoints:43 -Resolving eureka endpoints via configuration
2019-07-03 10:09:21.593 INFO [AsyncResolver-bootstrap-executor-0]c.n.discovery.shared.resolver.aws.ConfigClusterResolver.getClusterEndpoints:43 -Resolving eureka endpoints via configuration
2019-07-03 10:14:21.616 INFO [AsyncResolver-bootstrap-executor-0]c.n.discovery.shared.resolver.aws.ConfigClusterResolver.getClusterEndpoints:43 -Resolving eureka endpoints via configuration
2019-07-03 10:19:21.639 INFO [AsyncResolver-bootstrap-executor-0]c.n.discovery.shared.resolver.aws.ConfigClusterResolver.getClusterEndpoints:43 -Resolving eureka endpoints via configuration
2019-07-03 10:24:21.666 INFO [AsyncResolver-bootstrap-executor-0]c.n.discovery.shared.resolver.aws.ConfigClusterResolver.getClusterEndpoints:43 -Resolving eureka endpoints via configuration
2019-07-03 10:29:21.692 INFO [AsyncResolver-bootstrap-executor-0]c.n.discovery.shared.resolver.aws.ConfigClusterResolver.getClusterEndpoints:43 -Resolving eureka endpoints via configuration
2019-07-03 10:34:21.716 INFO [AsyncResolver-bootstrap-executor-0]c.n.discovery.shared.resolver.aws.ConfigClusterResolver.getClusterEndpoints:43 -Resolving eureka endpoints via configuration
2019-07-03 10:39:21.739 INFO [AsyncResolver-bootstrap-executor-0]c.n.discovery.shared.resolver.aws.ConfigClusterResolver.getClusterEndpoints:43 -Resolving eureka endpoints via configuration
