2019-07-01 09:03:01.547 INFO [main]o.s.c.annotation.AnnotationConfigApplicationContext.prepareRefresh:590 -Refreshing org.springframework.context.annotation.AnnotationConfigApplicationContext@68c72235: startup date [Mon Jul 01 09:03:01 CST 2019]; root of context hierarchy
2019-07-01 09:03:01.679 INFO [main]o.s.b.f.annotation.AutowiredAnnotationBeanPostProcessor.<init>:154 -JSR-330 'javax.inject.Inject' annotation found and supported for autowiring
2019-07-01 09:03:01.713 INFO [main]o.s.c.s.PostProcessorRegistrationDelegate$BeanPostProcessorChecker.postProcessAfterInitialization:328 -Bean 'configurationPropertiesRebinderAutoConfiguration' of type [org.springframework.cloud.autoconfigure.ConfigurationPropertiesRebinderAutoConfiguration$$EnhancerBySpringCGLIB$$62d047c5] is not eligible for getting processed by all BeanPostProcessors (for example: not eligible for auto-proxying)
2019-07-01 09:03:02.169 INFO [main]com.gcx.ConsumerServerApplication.logStartupProfileInfo:659 -No active profile set, falling back to default profiles: default
2019-07-01 09:03:02.188 INFO [main]o.s.b.w.s.c.AnnotationConfigServletWebServerApplicationContext.prepareRefresh:590 -Refreshing org.springframework.boot.web.servlet.context.AnnotationConfigServletWebServerApplicationContext@30b19518: startup date [Mon Jul 01 09:03:02 CST 2019]; parent: org.springframework.context.annotation.AnnotationConfigApplicationContext@68c72235
2019-07-01 09:03:02.939 WARN [main]tk.mybatis.spring.mapper.ClassPathMapperScanner.doScan:142 -No MyBatis mapper was found in '[com.gcx]' package. Please check your configuration.
2019-07-01 09:03:02.964 WARN [main]org.mybatis.spring.mapper.ClassPathMapperScanner.warn:44 -No MyBatis mapper was found in '[com.gcx]' package. Please check your configuration.
2019-07-01 09:03:03.105 INFO [main]o.s.d.repository.config.RepositoryConfigurationDelegate.multipleStoresDetected:163 -Multiple Spring Data modules found, entering strict repository configuration mode!
2019-07-01 09:03:03.292 INFO [main]o.s.beans.factory.support.DefaultListableBeanFactory.registerBeanDefinition:824 -Overriding bean definition for bean 'proxyRequestHelper' with a different definition: replacing [Root bean: class [null]; scope=; abstract=false; lazyInit=false; autowireMode=3; dependencyCheck=0; autowireCandidate=true; primary=false; factoryBeanName=org.springframework.cloud.netflix.zuul.ZuulProxyAutoConfiguration$EndpointConfiguration; factoryMethodName=proxyRequestHelper; initMethodName=null; destroyMethodName=(inferred); defined in class path resource [org/springframework/cloud/netflix/zuul/ZuulProxyAutoConfiguration$EndpointConfiguration.class]] with [Root bean: class [null]; scope=; abstract=false; lazyInit=false; autowireMode=3; dependencyCheck=0; autowireCandidate=true; primary=false; factoryBeanName=org.springframework.cloud.netflix.zuul.ZuulProxyAutoConfiguration$NoActuatorConfiguration; factoryMethodName=proxyRequestHelper; initMethodName=null; destroyMethodName=(inferred); defined in class path resource [org/springframework/cloud/netflix/zuul/ZuulProxyAutoConfiguration$NoActuatorConfiguration.class]]
2019-07-01 09:03:03.302 INFO [main]o.s.beans.factory.support.DefaultListableBeanFactory.registerBeanDefinition:824 -Overriding bean definition for bean 'counterFactory' with a different definition: replacing [Root bean: class [null]; scope=; abstract=false; lazyInit=false; autowireMode=3; dependencyCheck=0; autowireCandidate=true; primary=false; factoryBeanName=org.springframework.cloud.netflix.zuul.ZuulServerAutoConfiguration$ZuulMetricsConfiguration; factoryMethodName=counterFactory; initMethodName=null; destroyMethodName=(inferred); defined in class path resource [org/springframework/cloud/netflix/zuul/ZuulServerAutoConfiguration$ZuulMetricsConfiguration.class]] with [Root bean: class [null]; scope=; abstract=false; lazyInit=false; autowireMode=3; dependencyCheck=0; autowireCandidate=true; primary=false; factoryBeanName=org.springframework.cloud.netflix.zuul.ZuulServerAutoConfiguration$ZuulCounterFactoryConfiguration; factoryMethodName=counterFactory; initMethodName=null; destroyMethodName=(inferred); defined in class path resource [org/springframework/cloud/netflix/zuul/ZuulServerAutoConfiguration$ZuulCounterFactoryConfiguration.class]]
2019-07-01 09:03:03.429 INFO [main]o.s.beans.factory.support.DefaultListableBeanFactory.registerBeanDefinition:824 -Overriding bean definition for bean 'dataSource' with a different definition: replacing [Root bean: class [null]; scope=refresh; abstract=false; lazyInit=false; autowireMode=3; dependencyCheck=0; autowireCandidate=false; primary=false; factoryBeanName=org.springframework.boot.autoconfigure.jdbc.DataSourceConfiguration$Hikari; factoryMethodName=dataSource; initMethodName=null; destroyMethodName=(inferred); defined in class path resource [org/springframework/boot/autoconfigure/jdbc/DataSourceConfiguration$Hikari.class]] with [Root bean: class [org.springframework.aop.scope.ScopedProxyFactoryBean]; scope=; abstract=false; lazyInit=false; autowireMode=0; dependencyCheck=0; autowireCandidate=true; primary=false; factoryBeanName=null; factoryMethodName=null; initMethodName=null; destroyMethodName=null; defined in BeanDefinition defined in class path resource [org/springframework/boot/autoconfigure/jdbc/DataSourceConfiguration$Hikari.class]]
2019-07-01 09:03:03.639 INFO [main]org.springframework.cloud.context.scope.GenericScope.setSerializationId:294 -BeanFactory id=15be082d-1ac7-36bb-8daf-1583803c2ec8
2019-07-01 09:03:03.673 INFO [main]o.s.b.f.annotation.AutowiredAnnotationBeanPostProcessor.<init>:154 -JSR-330 'javax.inject.Inject' annotation found and supported for autowiring
2019-07-01 09:03:04.009 INFO [main]o.s.c.s.PostProcessorRegistrationDelegate$BeanPostProcessorChecker.postProcessAfterInitialization:328 -Bean 'org.springframework.transaction.annotation.ProxyTransactionManagementConfiguration' of type [org.springframework.transaction.annotation.ProxyTransactionManagementConfiguration$$EnhancerBySpringCGLIB$$46b644c8] is not eligible for getting processed by all BeanPostProcessors (for example: not eligible for auto-proxying)
2019-07-01 09:03:04.113 INFO [main]o.s.c.s.PostProcessorRegistrationDelegate$BeanPostProcessorChecker.postProcessAfterInitialization:328 -Bean 'org.springframework.cloud.autoconfigure.ConfigurationPropertiesRebinderAutoConfiguration' of type [org.springframework.cloud.autoconfigure.ConfigurationPropertiesRebinderAutoConfiguration$$EnhancerBySpringCGLIB$$62d047c5] is not eligible for getting processed by all BeanPostProcessors (for example: not eligible for auto-proxying)
2019-07-01 09:03:04.432 INFO [main]o.s.boot.web.embedded.tomcat.TomcatWebServer.initialize:91 -Tomcat initialized with port(s): 8900 (http)
2019-07-01 09:03:04.443 INFO [main]org.apache.coyote.http11.Http11NioProtocol.log:180 -Initializing ProtocolHandler ["http-nio-8900"]
2019-07-01 09:03:04.452 INFO [main]org.apache.catalina.core.StandardService.log:180 -Starting service [Tomcat]
2019-07-01 09:03:04.453 INFO [main]org.apache.catalina.core.StandardEngine.log:180 -Starting Servlet Engine: Apache Tomcat/8.5.31
2019-07-01 09:03:04.456 INFO [localhost-startStop-1]org.apache.catalina.core.AprLifecycleListener.log:180 -The APR based Apache Tomcat Native library which allows optimal performance in production environments was not found on the java.library.path: [C:\Program Files\Java\jdk1.8.0_172\bin;C:\Windows\Sun\Java\bin;C:\Windows\system32;C:\Windows;C:\Program Files (x86)\Common Files\Oracle\Java\javapath;C:\Windows\system32;C:\Windows;C:\Windows\System32\Wbem;C:\Windows\System32\WindowsPowerShell\v1.0\;C:\Program Files\Java\jdk1.8.0_172\bin;C:\Program Files\Java\jdk1.8.0_172\jre\bin;D:\python;D:\nodejs\;D:\python\Scripts\;D:\python\;E:\gcx\Maven\apache-maven-3.5.0\bin;C:\Program Files\Git\cmd;%ERLANG_HOME%\bin;E:\zookeeper\bin;C:\Program Files\MongoDB\Server\4.0\bin;C:\Users\Administrator\AppData\Roaming\npm;D:\nodejs;.]
2019-07-01 09:03:04.552 INFO [localhost-startStop-1]o.a.catalina.core.ContainerBase.[Tomcat].[localhost].[/].log:180 -Initializing Spring embedded WebApplicationContext
2019-07-01 09:03:04.552 INFO [localhost-startStop-1]org.springframework.web.context.ContextLoader.prepareWebApplicationContext:285 -Root WebApplicationContext: initialization completed in 2364 ms
2019-07-01 09:03:04.888 WARN [localhost-startStop-1]com.netflix.config.sources.URLConfigurationSource.<init>:121 -No URLs will be polled as dynamic configuration sources.
2019-07-01 09:03:04.889 INFO [localhost-startStop-1]com.netflix.config.sources.URLConfigurationSource.<init>:122 -To enable URLs as dynamic configuration sources, define System property archaius.configurationSource.additionalUrls or make config.properties available on classpath.
2019-07-01 09:03:04.896 INFO [localhost-startStop-1]com.netflix.config.DynamicPropertyFactory.getInstance:281 -DynamicPropertyFactory is initialized with configuration sources: com.netflix.config.ConcurrentCompositeConfiguration@f5a148f
2019-07-01 09:03:06.706 INFO [localhost-startStop-1]org.elasticsearch.plugins.PluginsService.logPluginInfo:175 -no modules loaded
2019-07-01 09:03:06.707 INFO [localhost-startStop-1]org.elasticsearch.plugins.PluginsService.logPluginInfo:178 -loaded plugin [org.elasticsearch.index.reindex.ReindexPlugin]
2019-07-01 09:03:06.707 INFO [localhost-startStop-1]org.elasticsearch.plugins.PluginsService.logPluginInfo:178 -loaded plugin [org.elasticsearch.join.ParentJoinPlugin]
2019-07-01 09:03:06.708 INFO [localhost-startStop-1]org.elasticsearch.plugins.PluginsService.logPluginInfo:178 -loaded plugin [org.elasticsearch.percolator.PercolatorPlugin]
2019-07-01 09:03:06.708 INFO [localhost-startStop-1]org.elasticsearch.plugins.PluginsService.logPluginInfo:178 -loaded plugin [org.elasticsearch.script.mustache.MustachePlugin]
2019-07-01 09:03:06.709 INFO [localhost-startStop-1]org.elasticsearch.plugins.PluginsService.logPluginInfo:178 -loaded plugin [org.elasticsearch.transport.Netty3Plugin]
2019-07-01 09:03:06.709 INFO [localhost-startStop-1]org.elasticsearch.plugins.PluginsService.logPluginInfo:178 -loaded plugin [org.elasticsearch.transport.Netty4Plugin]
2019-07-01 09:03:07.318 INFO [localhost-startStop-1]io.netty.util.internal.PlatformDependent.info:104 -Your platform does not provide complete low-level API for accessing direct buffers reliably. Unless explicitly requested, heap buffer will always be preferred to avoid potential system instability.
2019-07-01 09:03:09.155 INFO [localhost-startStop-1]o.s.boot.web.servlet.FilterRegistrationBean.configure:245 -Mapping filter: 'characterEncodingFilter' to: [/*]
2019-07-01 09:03:09.156 INFO [localhost-startStop-1]o.s.boot.web.servlet.FilterRegistrationBean.configure:245 -Mapping filter: 'tracingFilter' to: [/*]
2019-07-01 09:03:09.156 INFO [localhost-startStop-1]o.s.boot.web.servlet.FilterRegistrationBean.configure:245 -Mapping filter: 'exceptionLoggingFilter' to: [/*]
2019-07-01 09:03:09.156 INFO [localhost-startStop-1]o.s.boot.web.servlet.FilterRegistrationBean.configure:245 -Mapping filter: 'hiddenHttpMethodFilter' to: [/*]
2019-07-01 09:03:09.156 INFO [localhost-startStop-1]o.s.boot.web.servlet.FilterRegistrationBean.configure:245 -Mapping filter: 'httpPutFormContentFilter' to: [/*]
2019-07-01 09:03:09.156 INFO [localhost-startStop-1]o.s.boot.web.servlet.FilterRegistrationBean.configure:245 -Mapping filter: 'requestContextFilter' to: [/*]
2019-07-01 09:03:09.157 INFO [localhost-startStop-1]o.s.boot.web.servlet.FilterRegistrationBean.configure:245 -Mapping filter: 'httpTraceFilter' to: [/*]
2019-07-01 09:03:09.157 INFO [localhost-startStop-1]o.s.boot.web.servlet.FilterRegistrationBean.configure:245 -Mapping filter: 'webMvcMetricsFilter' to: [/*]
2019-07-01 09:03:09.157 INFO [localhost-startStop-1]o.s.boot.web.servlet.ServletRegistrationBean.addRegistration:186 -Servlet dispatcherServlet mapped to [/]
2019-07-01 09:03:09.158 INFO [localhost-startStop-1]o.s.boot.web.servlet.ServletRegistrationBean.addRegistration:186 -Servlet zuulServlet mapped to [/zuul/*]
2019-07-01 09:03:10.529 INFO [main]o.s.w.s.m.method.annotation.RequestMappingHandlerMapping.register:547 -Mapped "{[/informationController/userinfo.do]}" onto public com.gcx.util.MyResult<java.lang.Object> com.gcx.control.InformationController.userinfo(javax.servlet.http.HttpServletRequest,javax.servlet.http.HttpServletResponse,java.lang.String)
2019-07-01 09:03:10.530 INFO [main]o.s.w.s.m.method.annotation.RequestMappingHandlerMapping.register:547 -Mapped "{[/informationController/sendMessage.do],methods=[GET]}" onto public com.gcx.util.MyResult<java.lang.Object> com.gcx.control.InformationController.sendMessage(javax.servlet.http.HttpServletRequest,javax.servlet.http.HttpServletResponse,java.lang.String)
2019-07-01 09:03:10.530 INFO [main]o.s.w.s.m.method.annotation.RequestMappingHandlerMapping.register:547 -Mapped "{[/informationController/addRecord.do],methods=[GET]}" onto public com.gcx.util.MyResult<java.lang.Object> com.gcx.control.InformationController.addRecord(javax.servlet.http.HttpServletRequest,javax.servlet.http.HttpServletResponse,java.lang.String,java.lang.String,java.lang.String,java.lang.String,java.lang.String)
2019-07-01 09:03:10.531 INFO [main]o.s.w.s.m.method.annotation.RequestMappingHandlerMapping.register:547 -Mapped "{[/informationController/userLogin.do],methods=[GET]}" onto public com.gcx.util.MyResult<java.lang.Object> com.gcx.control.InformationController.userLogin(javax.servlet.http.HttpServletRequest,javax.servlet.http.HttpServletResponse,java.lang.String,java.lang.String,java.lang.String,java.lang.String)
2019-07-01 09:03:10.531 INFO [main]o.s.w.s.m.method.annotation.RequestMappingHandlerMapping.register:547 -Mapped "{[/informationController/modpassword.do],methods=[GET]}" onto public com.gcx.util.MyResult<java.lang.Object> com.gcx.control.InformationController.modpassword(javax.servlet.http.HttpServletRequest,javax.servlet.http.HttpServletResponse,java.lang.String,java.lang.String,java.lang.String)
2019-07-01 09:03:10.531 INFO [main]o.s.w.s.m.method.annotation.RequestMappingHandlerMapping.register:547 -Mapped "{[/informationController/yzmLogin.do],methods=[GET]}" onto public com.gcx.util.MyResult<java.lang.Object> com.gcx.control.InformationController.modpassword(javax.servlet.http.HttpServletRequest,javax.servlet.http.HttpServletResponse,java.lang.String,java.lang.String)
2019-07-01 09:03:10.532 INFO [main]o.s.w.s.m.method.annotation.RequestMappingHandlerMapping.register:547 -Mapped "{[/informationController/wjpassword.do]}" onto public com.gcx.util.MyResult<java.lang.Object> com.gcx.control.InformationController.wjpassword(javax.servlet.http.HttpServletRequest,javax.servlet.http.HttpServletResponse,java.lang.String,java.lang.String,java.lang.String)
2019-07-01 09:03:10.532 INFO [main]o.s.w.s.m.method.annotation.RequestMappingHandlerMapping.register:547 -Mapped "{[/informationController/checkTel.do],methods=[GET]}" onto public com.gcx.util.MyResult<java.lang.Object> com.gcx.control.InformationController.checkTel(javax.servlet.http.HttpServletRequest,javax.servlet.http.HttpServletResponse,java.lang.String)
2019-07-01 09:03:10.532 INFO [main]o.s.w.s.m.method.annotation.RequestMappingHandlerMapping.register:547 -Mapped "{[/informationController/looktelyzm.do],methods=[GET]}" onto public com.gcx.util.MyResult<java.lang.Object> com.gcx.control.InformationController.looktelyzm(javax.servlet.http.HttpServletRequest,javax.servlet.http.HttpServletResponse,java.lang.String,java.lang.String)
2019-07-01 09:03:10.533 INFO [main]o.s.w.s.m.method.annotation.RequestMappingHandlerMapping.register:547 -Mapped "{[/informationController/getPicCheckCode.do],methods=[GET]}" onto public void com.gcx.control.InformationController.getPicCheckCode(javax.servlet.http.HttpServletRequest,javax.servlet.http.HttpServletResponse)
2019-07-01 09:03:10.533 INFO [main]o.s.w.s.m.method.annotation.RequestMappingHandlerMapping.register:547 -Mapped "{[/order/{id}],methods=[GET]}" onto public java.lang.String com.gcx.control.ordercontrol.order(long,javax.servlet.http.HttpServletRequest,javax.servlet.http.HttpServletResponse)
2019-07-01 09:03:10.533 INFO [main]o.s.w.s.m.method.annotation.RequestMappingHandlerMapping.register:547 -Mapped "{[/getPicCheckCode]}" onto public void com.gcx.control.ordercontrol.getPicCheckCode(javax.servlet.http.HttpServletRequest,javax.servlet.http.HttpServletResponse)
2019-07-01 09:03:10.536 INFO [main]o.s.w.s.m.method.annotation.RequestMappingHandlerMapping.register:547 -Mapped "{[/swagger-resources/configuration/security]}" onto public org.springframework.http.ResponseEntity<springfox.documentation.swagger.web.SecurityConfiguration> springfox.documentation.swagger.web.ApiResourceController.securityConfiguration()
2019-07-01 09:03:10.537 INFO [main]o.s.w.s.m.method.annotation.RequestMappingHandlerMapping.register:547 -Mapped "{[/swagger-resources/configuration/ui]}" onto public org.springframework.http.ResponseEntity<springfox.documentation.swagger.web.UiConfiguration> springfox.documentation.swagger.web.ApiResourceController.uiConfiguration()
2019-07-01 09:03:10.538 INFO [main]o.s.w.s.m.method.annotation.RequestMappingHandlerMapping.register:547 -Mapped "{[/swagger-resources]}" onto public org.springframework.http.ResponseEntity<java.util.List<springfox.documentation.swagger.web.SwaggerResource>> springfox.documentation.swagger.web.ApiResourceController.swaggerResources()
2019-07-01 09:03:10.540 INFO [main]o.s.w.s.m.method.annotation.RequestMappingHandlerMapping.register:547 -Mapped "{[/error]}" onto public org.springframework.http.ResponseEntity<java.util.Map<java.lang.String, java.lang.Object>> org.springframework.boot.autoconfigure.web.servlet.error.BasicErrorController.error(javax.servlet.http.HttpServletRequest)
2019-07-01 09:03:10.541 INFO [main]o.s.w.s.m.method.annotation.RequestMappingHandlerMapping.register:547 -Mapped "{[/error],produces=[text/html]}" onto public org.springframework.web.servlet.ModelAndView org.springframework.boot.autoconfigure.web.servlet.error.BasicErrorController.errorHtml(javax.servlet.http.HttpServletRequest,javax.servlet.http.HttpServletResponse)
2019-07-01 09:03:10.668 INFO [main]o.s.boot.actuate.endpoint.web.EndpointLinksResolver.<init>:59 -Exposing 2 endpoint(s) beneath base path '/actuator'
2019-07-01 09:03:10.682 INFO [main]o.s.b.a.e.web.servlet.WebMvcEndpointHandlerMapping.register:547 -Mapped "{[/actuator/health],methods=[GET],produces=[application/vnd.spring-boot.actuator.v2+json || application/json]}" onto public java.lang.Object org.springframework.boot.actuate.endpoint.web.servlet.AbstractWebMvcEndpointHandlerMapping$OperationHandler.handle(javax.servlet.http.HttpServletRequest,java.util.Map<java.lang.String, java.lang.String>)
2019-07-01 09:03:10.683 INFO [main]o.s.b.a.e.web.servlet.WebMvcEndpointHandlerMapping.register:547 -Mapped "{[/actuator/info],methods=[GET],produces=[application/vnd.spring-boot.actuator.v2+json || application/json]}" onto public java.lang.Object org.springframework.boot.actuate.endpoint.web.servlet.AbstractWebMvcEndpointHandlerMapping$OperationHandler.handle(javax.servlet.http.HttpServletRequest,java.util.Map<java.lang.String, java.lang.String>)
2019-07-01 09:03:10.684 INFO [main]o.s.b.a.e.web.servlet.WebMvcEndpointHandlerMapping.register:547 -Mapped "{[/actuator],methods=[GET],produces=[application/vnd.spring-boot.actuator.v2+json || application/json]}" onto protected java.util.Map<java.lang.String, java.util.Map<java.lang.String, org.springframework.boot.actuate.endpoint.web.Link>> org.springframework.boot.actuate.endpoint.web.servlet.WebMvcEndpointHandlerMapping.links(javax.servlet.http.HttpServletRequest,javax.servlet.http.HttpServletResponse)
2019-07-01 09:03:10.930 INFO [main]s.d.s.web.PropertySourcedRequestMappingHandlerMapping.initHandlerMethods:69 -Mapped URL path [/v2/api-docs] onto method [public org.springframework.http.ResponseEntity<springfox.documentation.spring.web.json.Json> springfox.documentation.swagger2.web.Swagger2Controller.getDocumentation(java.lang.String,javax.servlet.http.HttpServletRequest)]
2019-07-01 09:03:11.039 WARN [main]com.netflix.config.sources.URLConfigurationSource.<init>:121 -No URLs will be polled as dynamic configuration sources.
2019-07-01 09:03:11.039 INFO [main]com.netflix.config.sources.URLConfigurationSource.<init>:122 -To enable URLs as dynamic configuration sources, define System property archaius.configurationSource.additionalUrls or make config.properties available on classpath.
2019-07-01 09:03:11.124 INFO [main]o.s.web.servlet.handler.SimpleUrlHandlerMapping.registerHandler:373 -Mapped URL path [/**/favicon.ico] onto handler of type [class org.springframework.web.servlet.resource.ResourceHttpRequestHandler]
2019-07-01 09:03:11.407 INFO [main]o.s.w.s.m.method.annotation.RequestMappingHandlerAdapter.initControllerAdviceCache:574 -Looking for @ControllerAdvice: org.springframework.boot.web.servlet.context.AnnotationConfigServletWebServerApplicationContext@30b19518: startup date [Mon Jul 01 09:03:02 CST 2019]; parent: org.springframework.context.annotation.AnnotationConfigApplicationContext@68c72235
2019-07-01 09:03:11.468 INFO [main]o.s.web.servlet.handler.SimpleUrlHandlerMapping.registerHandler:373 -Mapped URL path [/webjars/**] onto handler of type [class org.springframework.web.servlet.resource.ResourceHttpRequestHandler]
2019-07-01 09:03:11.468 INFO [main]o.s.web.servlet.handler.SimpleUrlHandlerMapping.registerHandler:373 -Mapped URL path [/**] onto handler of type [class org.springframework.web.servlet.resource.ResourceHttpRequestHandler]
2019-07-01 09:03:11.566 INFO [main]tk.mybatis.mapper.autoconfigure.MapperCacheDisabler.removeStaticCache:60 -Clear tk.mybatis.mapper.util.MsUtil CLASS_CACHE cache.
2019-07-01 09:03:11.566 INFO [main]tk.mybatis.mapper.autoconfigure.MapperCacheDisabler.removeStaticCache:60 -Clear tk.mybatis.mapper.genid.GenIdUtil CACHE cache.
2019-07-01 09:03:11.567 INFO [main]tk.mybatis.mapper.autoconfigure.MapperCacheDisabler.removeStaticCache:60 -Clear tk.mybatis.mapper.version.VersionUtil CACHE cache.
2019-07-01 09:03:11.567 INFO [main]tk.mybatis.mapper.autoconfigure.MapperCacheDisabler.removeEntityHelperCache:83 -Clear EntityHelper entityTableMap cache.
2019-07-01 09:03:13.258 INFO [main]o.s.cloud.netflix.zuul.ZuulFilterInitializer.contextInitialized:65 -Starting filter initializer
2019-07-01 09:03:13.429 INFO [main]o.s.jmx.export.annotation.AnnotationMBeanExporter.afterSingletonsInstantiated:433 -Registering beans for JMX exposure on startup
2019-07-01 09:03:13.430 INFO [main]o.s.jmx.export.annotation.AnnotationMBeanExporter.autodetect:895 -Bean with name 'dataSource' has been autodetected for JMX exposure
2019-07-01 09:03:13.438 INFO [main]o.s.jmx.export.annotation.AnnotationMBeanExporter.autodetect:895 -Bean with name 'environmentManager' has been autodetected for JMX exposure
2019-07-01 09:03:13.440 INFO [main]o.s.jmx.export.annotation.AnnotationMBeanExporter.autodetect:895 -Bean with name 'refreshScope' has been autodetected for JMX exposure
2019-07-01 09:03:13.440 INFO [main]o.s.jmx.export.annotation.AnnotationMBeanExporter.autodetect:895 -Bean with name 'configurationPropertiesRebinder' has been autodetected for JMX exposure
2019-07-01 09:03:13.444 INFO [main]o.s.jmx.export.annotation.AnnotationMBeanExporter.registerBeanInstance:675 -Located managed bean 'environmentManager': registering with JMX server as MBean [org.springframework.cloud.context.environment:name=environmentManager,type=EnvironmentManager]
2019-07-01 09:03:13.452 INFO [main]o.s.jmx.export.annotation.AnnotationMBeanExporter.registerBeanInstance:675 -Located managed bean 'refreshScope': registering with JMX server as MBean [org.springframework.cloud.context.scope.refresh:name=refreshScope,type=RefreshScope]
2019-07-01 09:03:13.461 INFO [main]o.s.jmx.export.annotation.AnnotationMBeanExporter.registerBeanInstance:675 -Located managed bean 'configurationPropertiesRebinder': registering with JMX server as MBean [org.springframework.cloud.context.properties:name=configurationPropertiesRebinder,context=30b19518,type=ConfigurationPropertiesRebinder]
2019-07-01 09:03:13.470 INFO [main]o.s.jmx.export.annotation.AnnotationMBeanExporter.registerBeanInstance:668 -Located MBean 'dataSource': registering with JMX server as MBean [com.zaxxer.hikari:name=dataSource,type=HikariDataSource]
2019-07-01 09:03:13.481 INFO [main]o.s.context.support.DefaultLifecycleProcessor.start:351 -Starting beans in phase 0
2019-07-01 09:03:13.488 INFO [main]o.s.cloud.netflix.eureka.InstanceInfoFactory.create:71 -Setting initial instance status as: STARTING
2019-07-01 09:03:13.518 INFO [main]com.netflix.discovery.DiscoveryClient.<init>:349 -Initializing Eureka in region us-east-1
2019-07-01 09:03:13.559 INFO [main]com.netflix.discovery.provider.DiscoveryJerseyProvider.<init>:70 -Using JSON encoding codec LegacyJacksonJson
2019-07-01 09:03:13.559 INFO [main]com.netflix.discovery.provider.DiscoveryJerseyProvider.<init>:71 -Using JSON decoding codec LegacyJacksonJson
2019-07-01 09:03:13.639 INFO [main]com.netflix.discovery.provider.DiscoveryJerseyProvider.<init>:80 -Using XML encoding codec XStreamXml
2019-07-01 09:03:13.640 INFO [main]com.netflix.discovery.provider.DiscoveryJerseyProvider.<init>:81 -Using XML decoding codec XStreamXml
2019-07-01 09:03:13.777 INFO [main]c.n.discovery.shared.resolver.aws.ConfigClusterResolver.getClusterEndpoints:43 -Resolving eureka endpoints via configuration
2019-07-01 09:03:13.942 INFO [main]com.netflix.discovery.DiscoveryClient.fetchRegistry:958 -Disable delta property : false
2019-07-01 09:03:13.942 INFO [main]com.netflix.discovery.DiscoveryClient.fetchRegistry:959 -Single vip registry refresh property : null
2019-07-01 09:03:13.942 INFO [main]com.netflix.discovery.DiscoveryClient.fetchRegistry:960 -Force full registry fetch : false
2019-07-01 09:03:13.942 INFO [main]com.netflix.discovery.DiscoveryClient.fetchRegistry:961 -Application is null : false
2019-07-01 09:03:13.942 INFO [main]com.netflix.discovery.DiscoveryClient.fetchRegistry:962 -Registered Applications size is zero : true
2019-07-01 09:03:13.942 INFO [main]com.netflix.discovery.DiscoveryClient.fetchRegistry:964 -Application version is -1: true
2019-07-01 09:03:13.942 INFO [main]com.netflix.discovery.DiscoveryClient.getAndStoreFullRegistry:1047 -Getting all instance registry info from the eureka server
2019-07-01 09:03:14.058 INFO [main]com.netflix.discovery.DiscoveryClient.getAndStoreFullRegistry:1056 -The response status is 200
2019-07-01 09:03:14.061 INFO [main]com.netflix.discovery.DiscoveryClient.initScheduledTasks:1264 -Starting heartbeat executor: renew interval is: 30
2019-07-01 09:03:14.063 INFO [main]com.netflix.discovery.InstanceInfoReplicator.<init>:60 -InstanceInfoReplicator onDemand update allowed rate per min is 4
2019-07-01 09:03:14.067 INFO [main]com.netflix.discovery.DiscoveryClient.<init>:449 -Discovery Client initialized at timestamp 1561942994066 with initial instances count: 1
2019-07-01 09:03:14.079 INFO [main]o.s.c.n.eureka.serviceregistry.EurekaServiceRegistry.register:42 -Registering application consumer-server with eureka with status UP
2019-07-01 09:03:14.079 INFO [main]com.netflix.discovery.DiscoveryClient.notify:1299 -Saw local status change event StatusChangeEvent [timestamp=1561942994079, current=UP, previous=STARTING]
2019-07-01 09:03:14.081 INFO [DiscoveryClient-InstanceInfoReplicator-0]com.netflix.discovery.DiscoveryClient.register:826 -DiscoveryClient_CONSUMER-SERVER/GCX-liwenbo:consumer-server:8900: registering service...
2019-07-01 09:03:14.086 INFO [main]o.s.context.support.DefaultLifecycleProcessor.start:351 -Starting beans in phase 2147483647
2019-07-01 09:03:14.086 INFO [main]s.d.spring.web.plugins.DocumentationPluginsBootstrapper.start:160 -Context refreshed
2019-07-01 09:03:14.107 INFO [main]s.d.spring.web.plugins.DocumentationPluginsBootstrapper.start:163 -Found 1 custom documentation plugin(s)
2019-07-01 09:03:14.110 INFO [DiscoveryClient-InstanceInfoReplicator-0]com.netflix.discovery.DiscoveryClient.register:835 -DiscoveryClient_CONSUMER-SERVER/GCX-liwenbo:consumer-server:8900 - registration status: 204
2019-07-01 09:03:14.142 INFO [main]s.d.spring.web.scanners.ApiListingReferenceScanner.scan:41 -Scanning for api listing references
2019-07-01 09:03:14.267 INFO [main]s.d.s.w.readers.operation.CachingOperationNameGenerator.startingWith:40 -Generating unique operation named: modpasswordUsingGET_1
2019-07-01 09:03:14.300 INFO [main]s.d.s.w.readers.operation.CachingOperationNameGenerator.startingWith:40 -Generating unique operation named: getPicCheckCodeUsingGET_1
2019-07-01 09:03:14.339 INFO [main]org.apache.coyote.http11.Http11NioProtocol.log:180 -Starting ProtocolHandler ["http-nio-8900"]
2019-07-01 09:03:14.340 INFO [main]org.apache.tomcat.util.net.NioSelectorPool.log:180 -Using a shared selector for servlet write/read
2019-07-01 09:03:14.353 INFO [main]o.s.boot.web.embedded.tomcat.TomcatWebServer.start:206 -Tomcat started on port(s): 8900 (http) with context path ''
2019-07-01 09:03:14.354 INFO [main]o.s.c.n.e.serviceregistry.EurekaAutoServiceRegistration.onApplicationEvent:124 -Updating port to 8900
2019-07-01 09:03:14.357 INFO [main]com.gcx.ConsumerServerApplication.logStarted:59 -Started ConsumerServerApplication in 14.494 seconds (JVM running for 15.453)
2019-07-01 09:03:14.832 INFO [RMI TCP Connection(4)-127.0.0.1]o.a.catalina.core.ContainerBase.[Tomcat].[localhost].[/].log:180 -Initializing Spring FrameworkServlet 'dispatcherServlet'
2019-07-01 09:03:14.833 INFO [RMI TCP Connection(4)-127.0.0.1]org.springframework.web.servlet.DispatcherServlet.initServletBean:494 -FrameworkServlet 'dispatcherServlet': initialization started
2019-07-01 09:03:14.833 INFO [RMI TCP Connection(6)-127.0.0.1]com.zaxxer.hikari.HikariDataSource.getConnection:110 -HikariPool-1 - Starting...
2019-07-01 09:03:14.881 INFO [RMI TCP Connection(4)-127.0.0.1]org.springframework.web.servlet.DispatcherServlet.initServletBean:509 -FrameworkServlet 'dispatcherServlet': initialization completed in 48 ms
2019-07-01 09:03:15.167 INFO [RMI TCP Connection(6)-127.0.0.1]com.zaxxer.hikari.HikariDataSource.getConnection:123 -HikariPool-1 - Start completed.
2019-07-01 09:03:15.406 INFO [RMI TCP Connection(6)-127.0.0.1]io.lettuce.core.EpollProvider.info:104 -Starting without optional epoll library
2019-07-01 09:03:15.409 INFO [RMI TCP Connection(6)-127.0.0.1]io.lettuce.core.KqueueProvider.info:104 -Starting without optional kqueue library
2019-07-01 09:03:31.327 INFO [http-nio-8900-exec-1]o.s.cloud.netflix.zuul.web.ZuulHandlerMapping.registerHandler:373 -Mapped URL path [/ddd/**] onto handler of type [class org.springframework.cloud.netflix.zuul.web.ZuulController]
2019-07-01 09:03:31.328 INFO [http-nio-8900-exec-1]o.s.cloud.netflix.zuul.web.ZuulHandlerMapping.registerHandler:373 -Mapped URL path [/producer-server/**] onto handler of type [class org.springframework.cloud.netflix.zuul.web.ZuulController]
2019-07-01 09:03:32.212 INFO [AsyncReporter{org.springframework.cloud.sleuth.zipkin2.sender.RestTemplateSender@7e062e96}]o.s.c.annotation.AnnotationConfigApplicationContext.prepareRefresh:590 -Refreshing SpringClientFactory-localhost: startup date [Mon Jul 01 09:03:32 CST 2019]; parent: org.springframework.boot.web.servlet.context.AnnotationConfigServletWebServerApplicationContext@30b19518
2019-07-01 09:03:32.274 INFO [AsyncReporter{org.springframework.cloud.sleuth.zipkin2.sender.RestTemplateSender@7e062e96}]o.s.b.f.annotation.AutowiredAnnotationBeanPostProcessor.<init>:154 -JSR-330 'javax.inject.Inject' annotation found and supported for autowiring
2019-07-01 09:03:32.425 INFO [AsyncReporter{org.springframework.cloud.sleuth.zipkin2.sender.RestTemplateSender@7e062e96}]com.netflix.config.ChainedDynamicProperty.checkAndFlip:115 -Flipping property: localhost.ribbon.ActiveConnectionsLimit to use NEXT property: niws.loadbalancer.availabilityFilteringRule.activeConnectionsLimit = 2147483647
2019-07-01 09:03:32.439 INFO [AsyncReporter{org.springframework.cloud.sleuth.zipkin2.sender.RestTemplateSender@7e062e96}]com.netflix.util.concurrent.ShutdownEnabledTimer.<init>:58 -Shutdown hook installed for: NFLoadBalancer-PingTimer-localhost
2019-07-01 09:03:32.442 INFO [AsyncReporter{org.springframework.cloud.sleuth.zipkin2.sender.RestTemplateSender@7e062e96}]com.netflix.loadbalancer.BaseLoadBalancer.initWithConfig:192 -Client: localhost instantiated a LoadBalancer: DynamicServerListLoadBalancer:{NFLoadBalancer:name=localhost,current list of Servers=[],Load balancer stats=Zone stats: {},Server stats: []}ServerList:null
2019-07-01 09:03:32.447 INFO [AsyncReporter{org.springframework.cloud.sleuth.zipkin2.sender.RestTemplateSender@7e062e96}]com.netflix.loadbalancer.DynamicServerListLoadBalancer.enableAndInitLearnNewServersFeature:222 -Using serverListUpdater PollingServerListUpdater
2019-07-01 09:03:32.451 INFO [AsyncReporter{org.springframework.cloud.sleuth.zipkin2.sender.RestTemplateSender@7e062e96}]com.netflix.loadbalancer.DynamicServerListLoadBalancer.restOfInit:150 -DynamicServerListLoadBalancer for client localhost initialized: DynamicServerListLoadBalancer:{NFLoadBalancer:name=localhost,current list of Servers=[],Load balancer stats=Zone stats: {},Server stats: []}ServerList:org.springframework.cloud.netflix.ribbon.eureka.DomainExtractingServerList@5887aa93
2019-07-01 09:08:13.965 INFO [AsyncResolver-bootstrap-executor-0]c.n.discovery.shared.resolver.aws.ConfigClusterResolver.getClusterEndpoints:43 -Resolving eureka endpoints via configuration
2019-07-01 09:13:13.988 INFO [AsyncResolver-bootstrap-executor-0]c.n.discovery.shared.resolver.aws.ConfigClusterResolver.getClusterEndpoints:43 -Resolving eureka endpoints via configuration
2019-07-01 09:18:14.009 INFO [AsyncResolver-bootstrap-executor-0]c.n.discovery.shared.resolver.aws.ConfigClusterResolver.getClusterEndpoints:43 -Resolving eureka endpoints via configuration
2019-07-01 09:23:14.031 INFO [AsyncResolver-bootstrap-executor-0]c.n.discovery.shared.resolver.aws.ConfigClusterResolver.getClusterEndpoints:43 -Resolving eureka endpoints via configuration
2019-07-01 09:28:14.052 INFO [AsyncResolver-bootstrap-executor-0]c.n.discovery.shared.resolver.aws.ConfigClusterResolver.getClusterEndpoints:43 -Resolving eureka endpoints via configuration
2019-07-01 09:33:14.074 INFO [AsyncResolver-bootstrap-executor-0]c.n.discovery.shared.resolver.aws.ConfigClusterResolver.getClusterEndpoints:43 -Resolving eureka endpoints via configuration
2019-07-01 09:38:14.096 INFO [AsyncResolver-bootstrap-executor-0]c.n.discovery.shared.resolver.aws.ConfigClusterResolver.getClusterEndpoints:43 -Resolving eureka endpoints via configuration
2019-07-01 09:43:14.118 INFO [AsyncResolver-bootstrap-executor-0]c.n.discovery.shared.resolver.aws.ConfigClusterResolver.getClusterEndpoints:43 -Resolving eureka endpoints via configuration
2019-07-01 09:48:14.139 INFO [AsyncResolver-bootstrap-executor-0]c.n.discovery.shared.resolver.aws.ConfigClusterResolver.getClusterEndpoints:43 -Resolving eureka endpoints via configuration
2019-07-01 09:53:14.160 INFO [AsyncResolver-bootstrap-executor-0]c.n.discovery.shared.resolver.aws.ConfigClusterResolver.getClusterEndpoints:43 -Resolving eureka endpoints via configuration
2019-07-01 09:58:14.181 INFO [AsyncResolver-bootstrap-executor-0]c.n.discovery.shared.resolver.aws.ConfigClusterResolver.getClusterEndpoints:43 -Resolving eureka endpoints via configuration
2019-07-01 10:03:14.204 INFO [AsyncResolver-bootstrap-executor-0]c.n.discovery.shared.resolver.aws.ConfigClusterResolver.getClusterEndpoints:43 -Resolving eureka endpoints via configuration
2019-07-01 10:08:14.226 INFO [AsyncResolver-bootstrap-executor-0]c.n.discovery.shared.resolver.aws.ConfigClusterResolver.getClusterEndpoints:43 -Resolving eureka endpoints via configuration
2019-07-01 10:13:14.248 INFO [AsyncResolver-bootstrap-executor-0]c.n.discovery.shared.resolver.aws.ConfigClusterResolver.getClusterEndpoints:43 -Resolving eureka endpoints via configuration
2019-07-01 10:18:14.270 INFO [AsyncResolver-bootstrap-executor-0]c.n.discovery.shared.resolver.aws.ConfigClusterResolver.getClusterEndpoints:43 -Resolving eureka endpoints via configuration
2019-07-01 10:23:14.292 INFO [AsyncResolver-bootstrap-executor-0]c.n.discovery.shared.resolver.aws.ConfigClusterResolver.getClusterEndpoints:43 -Resolving eureka endpoints via configuration
2019-07-01 10:28:14.313 INFO [AsyncResolver-bootstrap-executor-0]c.n.discovery.shared.resolver.aws.ConfigClusterResolver.getClusterEndpoints:43 -Resolving eureka endpoints via configuration
2019-07-01 10:33:14.335 INFO [AsyncResolver-bootstrap-executor-0]c.n.discovery.shared.resolver.aws.ConfigClusterResolver.getClusterEndpoints:43 -Resolving eureka endpoints via configuration
2019-07-01 10:38:14.357 INFO [AsyncResolver-bootstrap-executor-0]c.n.discovery.shared.resolver.aws.ConfigClusterResolver.getClusterEndpoints:43 -Resolving eureka endpoints via configuration
2019-07-01 10:43:14.378 INFO [AsyncResolver-bootstrap-executor-0]c.n.discovery.shared.resolver.aws.ConfigClusterResolver.getClusterEndpoints:43 -Resolving eureka endpoints via configuration
2019-07-01 10:44:24.483 WARN [elasticsearch[_client_][transport_client_boss][T#3]]org.elasticsearch.transport.netty4.Netty4Transport.onException:1028 -exception caught on transport layer [[id: 0x2368ee6c, L:/192.168.11.196:53171 - R:119.90.51.171/119.90.51.171:9300]], closing connection
java.io.IOException: 远程主机强迫关闭了一个现有的连接。
	at sun.nio.ch.SocketDispatcher.read0(Native Method)
	at sun.nio.ch.SocketDispatcher.read(SocketDispatcher.java:43)
	at sun.nio.ch.IOUtil.readIntoNativeBuffer(IOUtil.java:223)
	at sun.nio.ch.IOUtil.read(IOUtil.java:197)
	at sun.nio.ch.SocketChannelImpl.read(SocketChannelImpl.java:380)
	at io.netty.buffer.PooledHeapByteBuf.setBytes(PooledHeapByteBuf.java:261)
	at io.netty.buffer.AbstractByteBuf.writeBytes(AbstractByteBuf.java:1108)
	at io.netty.channel.socket.nio.NioSocketChannel.doReadBytes(NioSocketChannel.java:345)
	at io.netty.channel.nio.AbstractNioByteChannel$NioByteUnsafe.read(AbstractNioByteChannel.java:148)
	at io.netty.channel.nio.NioEventLoop.processSelectedKey(NioEventLoop.java:647)
	at io.netty.channel.nio.NioEventLoop.processSelectedKeysPlain(NioEventLoop.java:547)
	at io.netty.channel.nio.NioEventLoop.processSelectedKeys(NioEventLoop.java:501)
	at io.netty.channel.nio.NioEventLoop.run(NioEventLoop.java:461)
	at io.netty.util.concurrent.SingleThreadEventExecutor$5.run(SingleThreadEventExecutor.java:884)
	at java.lang.Thread.run(Thread.java:748)
2019-07-01 10:48:14.400 INFO [AsyncResolver-bootstrap-executor-0]c.n.discovery.shared.resolver.aws.ConfigClusterResolver.getClusterEndpoints:43 -Resolving eureka endpoints via configuration
2019-07-01 10:53:14.422 INFO [AsyncResolver-bootstrap-executor-0]c.n.discovery.shared.resolver.aws.ConfigClusterResolver.getClusterEndpoints:43 -Resolving eureka endpoints via configuration
2019-07-01 10:58:14.444 INFO [AsyncResolver-bootstrap-executor-0]c.n.discovery.shared.resolver.aws.ConfigClusterResolver.getClusterEndpoints:43 -Resolving eureka endpoints via configuration
2019-07-01 11:03:14.465 INFO [AsyncResolver-bootstrap-executor-0]c.n.discovery.shared.resolver.aws.ConfigClusterResolver.getClusterEndpoints:43 -Resolving eureka endpoints via configuration
2019-07-01 11:08:14.487 INFO [AsyncResolver-bootstrap-executor-0]c.n.discovery.shared.resolver.aws.ConfigClusterResolver.getClusterEndpoints:43 -Resolving eureka endpoints via configuration
2019-07-01 11:13:14.509 INFO [AsyncResolver-bootstrap-executor-0]c.n.discovery.shared.resolver.aws.ConfigClusterResolver.getClusterEndpoints:43 -Resolving eureka endpoints via configuration
2019-07-01 11:18:14.531 INFO [AsyncResolver-bootstrap-executor-0]c.n.discovery.shared.resolver.aws.ConfigClusterResolver.getClusterEndpoints:43 -Resolving eureka endpoints via configuration
2019-07-01 11:23:14.552 INFO [AsyncResolver-bootstrap-executor-0]c.n.discovery.shared.resolver.aws.ConfigClusterResolver.getClusterEndpoints:43 -Resolving eureka endpoints via configuration
2019-07-01 11:28:14.574 INFO [AsyncResolver-bootstrap-executor-0]c.n.discovery.shared.resolver.aws.ConfigClusterResolver.getClusterEndpoints:43 -Resolving eureka endpoints via configuration
2019-07-01 11:33:14.595 INFO [AsyncResolver-bootstrap-executor-0]c.n.discovery.shared.resolver.aws.ConfigClusterResolver.getClusterEndpoints:43 -Resolving eureka endpoints via configuration
2019-07-01 11:38:14.617 INFO [AsyncResolver-bootstrap-executor-0]c.n.discovery.shared.resolver.aws.ConfigClusterResolver.getClusterEndpoints:43 -Resolving eureka endpoints via configuration
2019-07-01 11:43:14.639 INFO [AsyncResolver-bootstrap-executor-0]c.n.discovery.shared.resolver.aws.ConfigClusterResolver.getClusterEndpoints:43 -Resolving eureka endpoints via configuration
2019-07-01 11:48:14.660 INFO [AsyncResolver-bootstrap-executor-0]c.n.discovery.shared.resolver.aws.ConfigClusterResolver.getClusterEndpoints:43 -Resolving eureka endpoints via configuration
2019-07-01 11:53:14.682 INFO [AsyncResolver-bootstrap-executor-0]c.n.discovery.shared.resolver.aws.ConfigClusterResolver.getClusterEndpoints:43 -Resolving eureka endpoints via configuration
2019-07-01 11:58:14.703 INFO [AsyncResolver-bootstrap-executor-0]c.n.discovery.shared.resolver.aws.ConfigClusterResolver.getClusterEndpoints:43 -Resolving eureka endpoints via configuration
2019-07-01 12:03:14.725 INFO [AsyncResolver-bootstrap-executor-0]c.n.discovery.shared.resolver.aws.ConfigClusterResolver.getClusterEndpoints:43 -Resolving eureka endpoints via configuration
2019-07-01 12:08:14.747 INFO [AsyncResolver-bootstrap-executor-0]c.n.discovery.shared.resolver.aws.ConfigClusterResolver.getClusterEndpoints:43 -Resolving eureka endpoints via configuration
2019-07-01 12:13:14.769 INFO [AsyncResolver-bootstrap-executor-0]c.n.discovery.shared.resolver.aws.ConfigClusterResolver.getClusterEndpoints:43 -Resolving eureka endpoints via configuration
2019-07-01 12:18:14.792 INFO [AsyncResolver-bootstrap-executor-0]c.n.discovery.shared.resolver.aws.ConfigClusterResolver.getClusterEndpoints:43 -Resolving eureka endpoints via configuration
2019-07-01 12:23:14.814 INFO [AsyncResolver-bootstrap-executor-0]c.n.discovery.shared.resolver.aws.ConfigClusterResolver.getClusterEndpoints:43 -Resolving eureka endpoints via configuration
2019-07-01 12:28:14.836 INFO [AsyncResolver-bootstrap-executor-0]c.n.discovery.shared.resolver.aws.ConfigClusterResolver.getClusterEndpoints:43 -Resolving eureka endpoints via configuration
2019-07-01 12:33:14.858 INFO [AsyncResolver-bootstrap-executor-0]c.n.discovery.shared.resolver.aws.ConfigClusterResolver.getClusterEndpoints:43 -Resolving eureka endpoints via configuration
2019-07-01 12:38:14.880 INFO [AsyncResolver-bootstrap-executor-0]c.n.discovery.shared.resolver.aws.ConfigClusterResolver.getClusterEndpoints:43 -Resolving eureka endpoints via configuration
2019-07-01 12:43:14.902 INFO [AsyncResolver-bootstrap-executor-0]c.n.discovery.shared.resolver.aws.ConfigClusterResolver.getClusterEndpoints:43 -Resolving eureka endpoints via configuration
2019-07-01 12:48:14.924 INFO [AsyncResolver-bootstrap-executor-0]c.n.discovery.shared.resolver.aws.ConfigClusterResolver.getClusterEndpoints:43 -Resolving eureka endpoints via configuration
2019-07-01 12:53:14.945 INFO [AsyncResolver-bootstrap-executor-0]c.n.discovery.shared.resolver.aws.ConfigClusterResolver.getClusterEndpoints:43 -Resolving eureka endpoints via configuration
2019-07-01 12:58:14.967 INFO [AsyncResolver-bootstrap-executor-0]c.n.discovery.shared.resolver.aws.ConfigClusterResolver.getClusterEndpoints:43 -Resolving eureka endpoints via configuration
2019-07-01 13:03:14.989 INFO [AsyncResolver-bootstrap-executor-0]c.n.discovery.shared.resolver.aws.ConfigClusterResolver.getClusterEndpoints:43 -Resolving eureka endpoints via configuration
2019-07-01 13:08:15.011 INFO [AsyncResolver-bootstrap-executor-0]c.n.discovery.shared.resolver.aws.ConfigClusterResolver.getClusterEndpoints:43 -Resolving eureka endpoints via configuration
2019-07-01 13:13:15.033 INFO [AsyncResolver-bootstrap-executor-0]c.n.discovery.shared.resolver.aws.ConfigClusterResolver.getClusterEndpoints:43 -Resolving eureka endpoints via configuration
2019-07-01 13:18:15.055 INFO [AsyncResolver-bootstrap-executor-0]c.n.discovery.shared.resolver.aws.ConfigClusterResolver.getClusterEndpoints:43 -Resolving eureka endpoints via configuration
2019-07-01 13:23:15.077 INFO [AsyncResolver-bootstrap-executor-0]c.n.discovery.shared.resolver.aws.ConfigClusterResolver.getClusterEndpoints:43 -Resolving eureka endpoints via configuration
2019-07-01 13:28:15.098 INFO [AsyncResolver-bootstrap-executor-0]c.n.discovery.shared.resolver.aws.ConfigClusterResolver.getClusterEndpoints:43 -Resolving eureka endpoints via configuration
2019-07-01 13:33:15.119 INFO [AsyncResolver-bootstrap-executor-0]c.n.discovery.shared.resolver.aws.ConfigClusterResolver.getClusterEndpoints:43 -Resolving eureka endpoints via configuration
2019-07-01 13:38:15.141 INFO [AsyncResolver-bootstrap-executor-0]c.n.discovery.shared.resolver.aws.ConfigClusterResolver.getClusterEndpoints:43 -Resolving eureka endpoints via configuration
2019-07-01 13:43:15.163 INFO [AsyncResolver-bootstrap-executor-0]c.n.discovery.shared.resolver.aws.ConfigClusterResolver.getClusterEndpoints:43 -Resolving eureka endpoints via configuration
2019-07-01 13:48:15.185 INFO [AsyncResolver-bootstrap-executor-0]c.n.discovery.shared.resolver.aws.ConfigClusterResolver.getClusterEndpoints:43 -Resolving eureka endpoints via configuration
2019-07-01 13:53:15.208 INFO [AsyncResolver-bootstrap-executor-0]c.n.discovery.shared.resolver.aws.ConfigClusterResolver.getClusterEndpoints:43 -Resolving eureka endpoints via configuration
2019-07-01 13:58:15.229 INFO [AsyncResolver-bootstrap-executor-0]c.n.discovery.shared.resolver.aws.ConfigClusterResolver.getClusterEndpoints:43 -Resolving eureka endpoints via configuration
2019-07-01 14:03:15.251 INFO [AsyncResolver-bootstrap-executor-0]c.n.discovery.shared.resolver.aws.ConfigClusterResolver.getClusterEndpoints:43 -Resolving eureka endpoints via configuration
2019-07-01 14:08:15.272 INFO [AsyncResolver-bootstrap-executor-0]c.n.discovery.shared.resolver.aws.ConfigClusterResolver.getClusterEndpoints:43 -Resolving eureka endpoints via configuration
2019-07-01 14:13:15.293 INFO [AsyncResolver-bootstrap-executor-0]c.n.discovery.shared.resolver.aws.ConfigClusterResolver.getClusterEndpoints:43 -Resolving eureka endpoints via configuration
2019-07-01 14:18:15.315 INFO [AsyncResolver-bootstrap-executor-0]c.n.discovery.shared.resolver.aws.ConfigClusterResolver.getClusterEndpoints:43 -Resolving eureka endpoints via configuration
2019-07-01 14:23:15.352 INFO [AsyncResolver-bootstrap-executor-0]c.n.discovery.shared.resolver.aws.ConfigClusterResolver.getClusterEndpoints:43 -Resolving eureka endpoints via configuration
2019-07-01 14:28:15.374 INFO [AsyncResolver-bootstrap-executor-0]c.n.discovery.shared.resolver.aws.ConfigClusterResolver.getClusterEndpoints:43 -Resolving eureka endpoints via configuration
2019-07-01 14:33:15.395 INFO [AsyncResolver-bootstrap-executor-0]c.n.discovery.shared.resolver.aws.ConfigClusterResolver.getClusterEndpoints:43 -Resolving eureka endpoints via configuration
2019-07-01 14:38:15.416 INFO [AsyncResolver-bootstrap-executor-0]c.n.discovery.shared.resolver.aws.ConfigClusterResolver.getClusterEndpoints:43 -Resolving eureka endpoints via configuration
2019-07-01 14:43:15.437 INFO [AsyncResolver-bootstrap-executor-0]c.n.discovery.shared.resolver.aws.ConfigClusterResolver.getClusterEndpoints:43 -Resolving eureka endpoints via configuration
2019-07-01 14:48:15.459 INFO [AsyncResolver-bootstrap-executor-0]c.n.discovery.shared.resolver.aws.ConfigClusterResolver.getClusterEndpoints:43 -Resolving eureka endpoints via configuration
2019-07-01 14:53:15.483 INFO [AsyncResolver-bootstrap-executor-0]c.n.discovery.shared.resolver.aws.ConfigClusterResolver.getClusterEndpoints:43 -Resolving eureka endpoints via configuration
2019-07-01 14:58:15.504 INFO [AsyncResolver-bootstrap-executor-0]c.n.discovery.shared.resolver.aws.ConfigClusterResolver.getClusterEndpoints:43 -Resolving eureka endpoints via configuration
2019-07-01 15:03:15.526 INFO [AsyncResolver-bootstrap-executor-0]c.n.discovery.shared.resolver.aws.ConfigClusterResolver.getClusterEndpoints:43 -Resolving eureka endpoints via configuration
2019-07-01 15:08:15.548 INFO [AsyncResolver-bootstrap-executor-0]c.n.discovery.shared.resolver.aws.ConfigClusterResolver.getClusterEndpoints:43 -Resolving eureka endpoints via configuration
2019-07-01 15:13:15.570 INFO [AsyncResolver-bootstrap-executor-0]c.n.discovery.shared.resolver.aws.ConfigClusterResolver.getClusterEndpoints:43 -Resolving eureka endpoints via configuration
2019-07-01 15:18:15.591 INFO [AsyncResolver-bootstrap-executor-0]c.n.discovery.shared.resolver.aws.ConfigClusterResolver.getClusterEndpoints:43 -Resolving eureka endpoints via configuration
2019-07-01 15:23:15.613 INFO [AsyncResolver-bootstrap-executor-0]c.n.discovery.shared.resolver.aws.ConfigClusterResolver.getClusterEndpoints:43 -Resolving eureka endpoints via configuration
2019-07-01 15:28:15.652 INFO [AsyncResolver-bootstrap-executor-0]c.n.discovery.shared.resolver.aws.ConfigClusterResolver.getClusterEndpoints:43 -Resolving eureka endpoints via configuration
2019-07-01 15:33:15.674 INFO [AsyncResolver-bootstrap-executor-0]c.n.discovery.shared.resolver.aws.ConfigClusterResolver.getClusterEndpoints:43 -Resolving eureka endpoints via configuration
2019-07-01 15:38:15.696 INFO [AsyncResolver-bootstrap-executor-0]c.n.discovery.shared.resolver.aws.ConfigClusterResolver.getClusterEndpoints:43 -Resolving eureka endpoints via configuration
2019-07-01 15:43:15.718 INFO [AsyncResolver-bootstrap-executor-0]c.n.discovery.shared.resolver.aws.ConfigClusterResolver.getClusterEndpoints:43 -Resolving eureka endpoints via configuration
2019-07-01 15:48:15.739 INFO [AsyncResolver-bootstrap-executor-0]c.n.discovery.shared.resolver.aws.ConfigClusterResolver.getClusterEndpoints:43 -Resolving eureka endpoints via configuration
2019-07-01 15:53:15.760 INFO [AsyncResolver-bootstrap-executor-0]c.n.discovery.shared.resolver.aws.ConfigClusterResolver.getClusterEndpoints:43 -Resolving eureka endpoints via configuration
2019-07-01 15:58:15.782 INFO [AsyncResolver-bootstrap-executor-0]c.n.discovery.shared.resolver.aws.ConfigClusterResolver.getClusterEndpoints:43 -Resolving eureka endpoints via configuration
2019-07-01 16:03:15.803 INFO [AsyncResolver-bootstrap-executor-0]c.n.discovery.shared.resolver.aws.ConfigClusterResolver.getClusterEndpoints:43 -Resolving eureka endpoints via configuration
2019-07-01 16:08:15.824 INFO [AsyncResolver-bootstrap-executor-0]c.n.discovery.shared.resolver.aws.ConfigClusterResolver.getClusterEndpoints:43 -Resolving eureka endpoints via configuration
2019-07-01 16:13:15.846 INFO [AsyncResolver-bootstrap-executor-0]c.n.discovery.shared.resolver.aws.ConfigClusterResolver.getClusterEndpoints:43 -Resolving eureka endpoints via configuration
2019-07-01 16:18:15.868 INFO [AsyncResolver-bootstrap-executor-0]c.n.discovery.shared.resolver.aws.ConfigClusterResolver.getClusterEndpoints:43 -Resolving eureka endpoints via configuration
2019-07-01 16:23:15.889 INFO [AsyncResolver-bootstrap-executor-0]c.n.discovery.shared.resolver.aws.ConfigClusterResolver.getClusterEndpoints:43 -Resolving eureka endpoints via configuration
2019-07-01 16:28:15.910 INFO [AsyncResolver-bootstrap-executor-0]c.n.discovery.shared.resolver.aws.ConfigClusterResolver.getClusterEndpoints:43 -Resolving eureka endpoints via configuration
2019-07-01 16:33:15.931 INFO [AsyncResolver-bootstrap-executor-0]c.n.discovery.shared.resolver.aws.ConfigClusterResolver.getClusterEndpoints:43 -Resolving eureka endpoints via configuration
2019-07-01 16:38:15.952 INFO [AsyncResolver-bootstrap-executor-0]c.n.discovery.shared.resolver.aws.ConfigClusterResolver.getClusterEndpoints:43 -Resolving eureka endpoints via configuration
2019-07-01 16:43:15.973 INFO [AsyncResolver-bootstrap-executor-0]c.n.discovery.shared.resolver.aws.ConfigClusterResolver.getClusterEndpoints:43 -Resolving eureka endpoints via configuration
2019-07-01 16:48:15.994 INFO [AsyncResolver-bootstrap-executor-0]c.n.discovery.shared.resolver.aws.ConfigClusterResolver.getClusterEndpoints:43 -Resolving eureka endpoints via configuration
